This is LuaHBTeX, Version 1.12.0 (MiKTeX 20.10) (format=lualatex 2020.10.14)  1 JUL 2021 16:46
 restricted system commands enabled.
 file:line:error style messages enabled.
**"c:/Users/Jeroe/Documents/TU Delft/BEP report/main_tc.tex"
("c:/Users/Jeroe/Documents/TU Delft/BEP report/main_tc.tex"
LaTeX2e <2020-10-01> patch level 1
Lua module: luaotfload-main 2020-09-02 3.15 luaotfload entry point
Lua module: luaotfload-init 2020-09-02 3.15 luaotfload submodule / initializatio
n
Lua module: lualibs 2020-08-31 2.72 ConTeXt Lua standard libraries.
Lua module: lualibs-extended 2020-08-31 2.72 ConTeXt Lua libraries -- extended c
ollection.
Lua module: luaotfload-log 2020-09-02 3.15 luaotfload submodule / logging
Lua module: luaotfload-parsers 2020-09-02 3.15 luaotfload submodule / parsers
Lua module: luaotfload-configuration 2020-09-02 3.15 luaotfload submodule / conf
ig file reader
luaotfload | conf : Root cache directory is "C:/Users/Jeroe/AppData/Local/MiKTeX
/luatex-cache/generic/names".
luaotfload | init : Loading fontloader "fontloader-2020-08-31.lua" from kpse-res
olved path "C:/Users/Jeroe/AppData/Local/Programs/MiKTeX/tex/luatex/luaotfload/f
ontloader-2020-08-31.lua".
Lua-only attribute luaotfload@noligature = 1
Lua-only attribute luaotfload@syllabe = 2
luaotfload | init : Context OpenType loader version 0x1.8e353f7ced917p+1
Lua module: luaotfload-fallback 2020-09-02 3.15 luaotfload submodule / fallback
Lua module: luaotfload-multiscript 2020-09-02 3.15 luaotfload submodule / multis
cript
Lua module: luaotfload-script 2020-09-02 3.15 luaotfload submodule / Script help
ers
Inserting `luaotfload.node_processor' at position 1 in `pre_linebreak_filter'.
Inserting `luaotfload.node_processor' at position 1 in `hpack_filter'.
Inserting `luaotfload.glyph_stream' at position 1 in `glyph_stream_provider'.
Lua module: luaotfload-loaders 2020-09-02 3.15 luaotfload submodule / callback h
andling
Inserting `luaotfload.define_font' at position 1 in `define_font'.
Lua module: luaotfload-database 2020-09-02 3.15 luaotfload submodule / database
Lua module: luaotfload-unicode 2020-09-02 3.15 luaotfload submodule / Unicode he
lpers
Lua module: luaotfload-colors 2020-09-02 3.15 luaotfload submodule / color
Lua-only attribute luaotfload_color_attribute = 3
Lua module: luaotfload-resolvers 2020-09-02 3.15 luaotfload submodule / resolver
s
luaotfload | conf : Root cache directory is "C:/Users/Jeroe/AppData/Local/MiKTeX
/luatex-cache/generic/names".
Lua module: luaotfload-features 2020-09-02 3.15 luaotfload submodule / features
Lua module: luaotfload-harf-define 2020-09-02 3.15 luaotfload submodule / HarfBu
zz font loading
Inserting `luaotfload.harf.strip_prefix' at position 1 in `find_opentype_file'.
Inserting `luaotfload.harf.strip_prefix' at position 1 in `find_truetype_file'.
Lua module: luaotfload-harf-plug 2020-09-02 3.15 luaotfload submodule / HarfBuzz
 shaping
Inserting `Harf pre_output_filter callback' at position 1 in `pre_output_filter'
.
Inserting `Harf wrapup_run callback' at position 1 in `wrapup_run'.
Inserting `Harf finish_pdffile callback' at position 1 in `finish_pdffile'.
Inserting `Harf glyph_info callback' at position 1 in `glyph_info'.
Lua module: luaotfload-letterspace 2020-09-02 3.15 luaotfload submodule / letter
spacing
Lua module: luaotfload-embolden 2020-09-02 3.15 luaotfload submodule / embolden
Lua module: luaotfload-notdef 2020-09-02 3.15 luaotfload submodule / notdef
Lua module: luaotfload-suppress 2020-09-02 3.15 luaotfload submodule / suppress
Lua module: luaotfload-szss 2020-09-02 3.15 luaotfload submodule / Special featu
re handling
Lua module: luaotfload-auxiliary 2020-09-02 3.15 luaotfload submodule / auxiliar
y functions
Inserting `luaotfload.aux.set_sscale_dimens' at position 1 in `luaotfload.patch_
font'.
Inserting `luaotfload.aux.set_font_index' at position 2 in `luaotfload.patch_fon
t'.
Inserting `luaotfload.aux.patch_cambria_domh' at position 3 in `luaotfload.patch
_font'.
Inserting `luaotfload.aux.fixup_fontdata' at position 1 in `luaotfload.patch_fon
t_unsafe'.
Inserting `luaotfload.aux.set_capheight' at position 4 in `luaotfload.patch_font
'.
Inserting `luaotfload.aux.set_xheight' at position 5 in `luaotfload.patch_font'.
Lua module: luaotfload-tounicode 2020-09-02 3.15 luaotfload submodule / tounicod
e
Inserting `luaotfload.rewrite_fontname' at position 6 in `luaotfload.patch_font'
. L3 programming layer <2020-10-05> xparse <2020-03-03>
(C:/Users/Jeroe/AppData/Local/Programs/MiKTeX/tex/latex/base/article.cls
Document Class: article 2020/04/10 v1.4m Standard LaTeX document class
(C:/Users/Jeroe/AppData/Local/Programs/MiKTeX/tex/latex/base/size10.clo
File: size10.clo 2020/04/10 v1.4m Standard LaTeX file (size option)
luaotfload | db : Font names database loaded from C:/Users/Jeroe/AppData/Local/M
iKTeX/luatex-cache/generic/names/luaotfload-names.luc)
\c@part=\count171
\c@section=\count172
\c@subsection=\count173
\c@subsubsection=\count174
\c@paragraph=\count175
\c@subparagraph=\count176
\c@figure=\count177
\c@table=\count178
\abovecaptionskip=\skip47
\belowcaptionskip=\skip48
\bibindent=\dimen138
)
(C:/Users/Jeroe/AppData/Local/Programs/MiKTeX/tex/latex/base/inputenc.sty
Package: inputenc 2020/08/01 v1.3d Input encoding file
\inpenc@prehook=\toks15
\inpenc@posthook=\toks16


Package inputenc Warning: inputenc package ignored with utf8 based engines.

) (C:/Users/Jeroe/AppData/Local/Programs/MiKTeX/tex/latex/tools/multicol.sty
Package: multicol 2019/12/09 v1.8y multicolumn formatting (FMi)
\c@tracingmulticols=\count179
\mult@box=\box47
\multicol@leftmargin=\dimen139
\c@unbalance=\count180
\c@collectmore=\count181
\doublecol@number=\count182
\multicoltolerance=\count183
\multicolpretolerance=\count184
\full@width=\dimen140
\page@free=\dimen141
\premulticols=\dimen142
\postmulticols=\dimen143
\multicolsep=\skip49
\multicolbaselineskip=\skip50
\partial@page=\box48
\last@line=\box49
\maxbalancingoverflow=\dimen144
\mult@rightbox=\box50
\mult@grightbox=\box51
\mult@gfirstbox=\box52
\mult@firstbox=\box53
\@tempa=\box54
\@tempa=\box55
\@tempa=\box56
\@tempa=\box57
\@tempa=\box58
\@tempa=\box59
\@tempa=\box60
\@tempa=\box61
\@tempa=\box62
\@tempa=\box63
\@tempa=\box64
\@tempa=\box65
\@tempa=\box66
\@tempa=\box67
\@tempa=\box68
\@tempa=\box69
\@tempa=\box70
\@tempa=\box71
\@tempa=\box72
\@tempa=\box73
\@tempa=\box74
\@tempa=\box75
\@tempa=\box76
\@tempa=\box77
\@tempa=\box78
\@tempa=\box79
\@tempa=\box80
\@tempa=\box81
\@tempa=\box82
\@tempa=\box83
\@tempa=\box84
\@tempa=\box85
\@tempa=\box86
\@tempa=\box87
\@tempa=\box88
\@tempa=\box89
\@tempa=\box90
\c@minrows=\count185
\c@columnbadness=\count186
\c@finalcolumnbadness=\count187
\last@try=\dimen145
\multicolovershoot=\dimen146
\multicolundershoot=\dimen147
\mult@nat@firstbox=\box91
\colbreak@box=\box92
\mc@col@check@num=\count188
)
("c:/Users/Jeroe/Documents/TU Delft/BEP report/Resources/structure.tex"
(C:/Users/Jeroe/AppData/Local/Programs/MiKTeX/tex/latex/float/float.sty
Package: float 2001/11/08 v1.3d Float enhancements (AL)
\c@float@type=\count189
\float@exts=\toks17
\float@box=\box93
\@float@everytoks=\toks18
\@floatcapt=\box94
)
(C:/Users/Jeroe/AppData/Local/Programs/MiKTeX/tex/generic/babel/babel.sty
Package: babel 2020/10/06 3.50 The Babel package

(C:/Users/Jeroe/AppData/Local/Programs/MiKTeX/tex/generic/babel/babel.def
File: babel.def 2020/10/06 3.50 Babel common definitions

(C:/Users/Jeroe/AppData/Local/Programs/MiKTeX/tex/generic/babel/luababel.def
\bbl@readstream=\read2
\l@afrikaans=\language2
Package babel Info: Non-standard hyphenation setup on input line 117.
\l@ancientgreek=\language3
\l@armenian=\language4
\l@assamese=\language5
\l@basque=\language6
\l@belarusian=\language7
\l@bengali=\language8
\l@bokmal=\language9
\l@bulgarian=\language10
\l@catalan=\language11
\l@churchslavonic=\language12
\l@classiclatin=\language13
\l@coptic=\language14
\l@croatian=\language15
\l@czech=\language16
\l@danish=\language17
\l@dutch=\language18
\l@esperanto=\language19
\l@estonian=\language20
\l@ethiopic=\language21
\l@finnish=\language22
\l@french=\language23
\l@friulan=\language24
\l@galician=\language25
\l@georgian=\language26
\l@german=\language27
\l@greek=\language28
\l@gujarati=\language29
\l@hindi=\language30
\l@hungarian=\language31
\l@icelandic=\language32
\l@indonesian=\language33
\l@interlingua=\language34
\l@irish=\language35
\l@italian=\language36
\l@kannada=\language37
\l@kurmanji=\language38
\l@latin=\language39
\l@latvian=\language40
\l@lithuanian=\language41
\l@liturgicallatin=\language42
\l@macedonian=\language43
\l@malayalam=\language44
\l@marathi=\language45
\l@mongolian=\language46
\l@mongolianlmc=\language47
\l@monogreek=\language48
\l@ngerman=\language49
\l@nynorsk=\language50
\l@occitan=\language51
\l@oriya=\language52
\l@pali=\language53
\l@panjabi=\language54
\l@piedmontese=\language55
\l@polish=\language56
\l@portuguese=\language57
\l@romanian=\language58
\l@romansh=\language59
\l@russian=\language60
\l@sanskrit=\language61
\l@serbian=\language62
\l@serbianc=\language63
\l@slovak=\language64
\l@slovenian=\language65
\l@spanish=\language66
\l@swedish=\language67
\l@swissgerman=\language68
\l@tamil=\language69
\l@telugu=\language70
\l@thai=\language71
\l@turkish=\language72
\l@turkmen=\language73
\l@ukenglish=\language74
\l@ukrainian=\language75
\l@uppersorbian=\language76
\l@usenglishmax=\language77
\l@welsh=\language78
\babelcatcodetablenum=\catcodetable12
\bbl@pattcodes=\catcodetable13
)
\babel@savecnt=\count190
\U@D=\dimen148
\l@babelnohyphens=\language79

(C:/Users/Jeroe/AppData/Local/Programs/MiKTeX/tex/generic/babel/luababel.def
\bbl@attr@locale=\attribute4
))
*************************************
* Local config file bblopts.cfg used
*
(C:/Users/Jeroe/AppData/Local/Programs/MiKTeX/tex/latex/arabi/bblopts.cfg
File: bblopts.cfg 2005/09/08 v0.1 add Arabic and Farsi to "declared" options of 
babel
)
(C:/Users/Jeroe/AppData/Local/Programs/MiKTeX/tex/latex/babel-english/british.l
df
Language: british 2017/06/06 v3.3r English support from the babel system

(C:/Users/Jeroe/AppData/Local/Programs/MiKTeX/tex/latex/babel-english/english.l
df
Language: english 2017/06/06 v3.3r English support from the babel system
Package babel Info: \l@canadian = using hyphenrules for english
(babel)             (\language0) on input line 102.
Package babel Info: \l@australian = using hyphenrules for ukenglish
(babel)             (\language74) on input line 105.
Package babel Info: \l@newzealand = using hyphenrules for ukenglish
(babel)             (\language74) on input line 108.

(C:/Users/Jeroe/AppData/Local/Programs/MiKTeX/tex/generic/hyph-utf8/loadhyph/lo
adhyph-en-gb.tex ASCII Hyphenation patterns for British English
(C:/Users/Jeroe/AppData/Local/Programs/MiKTeX/tex/generic/hyph-utf8/patterns/te
x/hyph-en-gb.tex)))))
(C:/Users/Jeroe/AppData/Local/Programs/MiKTeX/tex/latex/amsmath/amsmath.sty
Package: amsmath 2020/09/23 v2.17i AMS math features
\@mathmargin=\skip51

For additional information on amsmath, use the `?' option.
(C:/Users/Jeroe/AppData/Local/Programs/MiKTeX/tex/latex/amsmath/amstext.sty
Package: amstext 2000/06/29 v2.01 AMS text

(C:/Users/Jeroe/AppData/Local/Programs/MiKTeX/tex/latex/amsmath/amsgen.sty
File: amsgen.sty 1999/11/30 v2.0 generic functions
\@emptytoks=\toks19
\ex@=\dimen149
))
(C:/Users/Jeroe/AppData/Local/Programs/MiKTeX/tex/latex/amsmath/amsbsy.sty
Package: amsbsy 1999/11/29 v1.2d Bold Symbols
\pmbraise@=\dimen150
)
(C:/Users/Jeroe/AppData/Local/Programs/MiKTeX/tex/latex/amsmath/amsopn.sty
Package: amsopn 2016/03/08 v2.02 operator names
)
\inf@bad=\count191
LaTeX Info: Redefining \frac on input line 236.
\uproot@=\count192
\leftroot@=\count193
LaTeX Info: Redefining \overline on input line 399.
\classnum@=\count194
\DOTSCASE@=\count195
LaTeX Info: Redefining \ldots on input line 496.
LaTeX Info: Redefining \dots on input line 499.
LaTeX Info: Redefining \cdots on input line 620.
\Mathstrutbox@=\box95
\strutbox@=\box96
\big@size=\dimen151
LaTeX Font Info:    Redeclaring font encoding OML on input line 743.
LaTeX Font Info:    Redeclaring font encoding OMS on input line 744.
\macc@depth=\count196
\c@MaxMatrixCols=\count197
\dotsspace@=\muskip16
\c@parentequation=\count198
\dspbrk@lvl=\count199
\tag@help=\toks20
\row@=\count266
\column@=\count267
\maxfields@=\count268
\andhelp@=\toks21
\eqnshift@=\dimen152
\alignsep@=\dimen153
\tagshift@=\dimen154
\tagwidth@=\dimen155
\totwidth@=\dimen156
\lineht@=\dimen157
\@envbody=\toks22
\multlinegap=\skip52
\multlinetaggap=\skip53
\mathdisplay@stack=\toks23
LaTeX Info: Redefining \[ on input line 2923.
LaTeX Info: Redefining \] on input line 2924.
)
(C:/Users/Jeroe/AppData/Local/Programs/MiKTeX/tex/latex/amsfonts/amsfonts.sty
Package: amsfonts 2013/01/14 v3.01 Basic AMSFonts support
\symAMSa=\mathgroup4
\symAMSb=\mathgroup5
LaTeX Font Info:    Redeclaring math symbol \hbar on input line 98.
LaTeX Font Info:    Overwriting math alphabet `\mathfrak' in version `bold'
(Font)                  U/euf/m/n --> U/euf/b/n on input line 106.
)
(C:/Users/Jeroe/AppData/Local/Programs/MiKTeX/tex/latex/stmaryrd/stmaryrd.sty
Package: stmaryrd 1994/03/03 St Mary's Road symbol package
\symstmry=\mathgroup6
LaTeX Font Info:    Overwriting symbol font `stmry' in version `bold'
(Font)                  U/stmry/m/n --> U/stmry/b/n on input line 89.
)
(C:/Users/Jeroe/AppData/Local/Programs/MiKTeX/tex/latex/amsfonts/amssymb.sty
Package: amssymb 2013/01/14 v3.01 AMS font symbols
LaTeX Font Info:    Redeclaring math symbol \boxdot on input line 44.
)
(C:/Users/Jeroe/AppData/Local/Programs/MiKTeX/tex/latex/listings/listings.sty
(C:/Users/Jeroe/AppData/Local/Programs/MiKTeX/tex/latex/graphics/keyval.sty
Package: keyval 2014/10/28 v1.15 key=value parser (DPC)
\KV@toks@=\toks24
)
\lst@mode=\count269
\lst@gtempboxa=\box97
\lst@token=\toks25
\lst@length=\count270
\lst@currlwidth=\dimen158
\lst@column=\count271
\lst@pos=\count272
\lst@lostspace=\dimen159
\lst@width=\dimen160
\lst@newlines=\count273
\lst@lineno=\count274
\lst@maxwidth=\dimen161

(C:/Users/Jeroe/AppData/Local/Programs/MiKTeX/tex/latex/listings/lstmisc.sty
File: lstmisc.sty 2020/03/24 1.8d (Carsten Heinz)
\c@lstnumber=\count275
\lst@skipnumbers=\count276
\lst@framebox=\box98
)
(C:/Users/Jeroe/AppData/Local/Programs/MiKTeX/tex/latex/listings/listings.cfg
File: listings.cfg 2020/03/24 1.8d listings configuration
))
Package: listings 2020/03/24 1.8d (Carsten Heinz)
(C:/Users/Jeroe/AppData/Local/Programs/MiKTeX/tex/latex/cite/cite.sty
LaTeX Info: Redefining \cite on input line 302.
LaTeX Info: Redefining \nocite on input line 332.
Package: cite 2015/02/27  v 5.5
)
(C:/Users/Jeroe/AppData/Local/Programs/MiKTeX/tex/latex/tools/enumerate.sty
Package: enumerate 2015/07/23 v3.00 enumerate extensions (DPC)
\@enLab=\toks26
)
(C:/Users/Jeroe/AppData/Local/Programs/MiKTeX/tex/latex/graphics/graphicx.sty
Package: graphicx 2020/09/09 v1.2b Enhanced LaTeX Graphics (DPC,SPQR)

(C:/Users/Jeroe/AppData/Local/Programs/MiKTeX/tex/latex/graphics/graphics.sty
Package: graphics 2020/08/30 v1.4c Standard LaTeX Graphics (DPC,SPQR)

(C:/Users/Jeroe/AppData/Local/Programs/MiKTeX/tex/latex/graphics/trig.sty
Package: trig 2016/01/03 v1.10 sin cos tan (DPC)
)
(C:/Users/Jeroe/AppData/Local/Programs/MiKTeX/tex/latex/graphics-cfg/graphics.c
fg
File: graphics.cfg 2016/06/04 v1.11 sample graphics configuration
)
Package graphics Info: Driver file: luatex.def on input line 105.

(C:/Users/Jeroe/AppData/Local/Programs/MiKTeX/tex/latex/graphics-def/luatex.def
File: luatex.def 2020/10/05 v1.2a Graphics/color driver for luatex
))
\Gin@req@height=\dimen162
\Gin@req@width=\dimen163
)
(C:/Users/Jeroe/AppData/Local/Programs/MiKTeX/tex/latex/algorithm2e/algorithm2e
.sty
Package: algorithm2e 2017/07/18 v5.2 algorithms environments
\c@AlgoLine=\count277
 (C:/Users/Jeroe/AppData/Local/Programs/MiKTeX/tex/latex/base/ifthen.sty
Package: ifthen 2014/09/29 v1.1c Standard LaTeX ifthen package (DPC)
)
\algocf@hangindent=\skip54

(C:/Users/Jeroe/AppData/Local/Programs/MiKTeX/tex/latex/ifoddpage/ifoddpage.sty
Package: ifoddpage 2016/04/23 v1.1 Conditionals for odd/even page detection
\c@checkoddpage=\count278
) (C:/Users/Jeroe/AppData/Local/Programs/MiKTeX/tex/latex/tools/xspace.sty
Package: xspace 2014/10/28 v1.13 Space after command names (DPC,MH)
)
(C:/Users/Jeroe/AppData/Local/Programs/MiKTeX/tex/latex/relsize/relsize.sty
Package: relsize 2013/03/29 ver 4.1
)
\skiptotal=\skip55
\skiplinenumber=\skip56
\skiprule=\skip57
\skiphlne=\skip58
\skiptext=\skip59
\skiplength=\skip60
\algomargin=\skip61
\skipalgocfslide=\skip62
\algowidth=\dimen164
\inoutsize=\dimen165
\inoutindent=\dimen166
\interspacetitleruled=\dimen167
\interspacealgoruled=\dimen168
\interspacetitleboxruled=\dimen169
\algocf@ruledwidth=\skip63
\algocf@inoutbox=\box99
\algocf@inputbox=\box100
\AlCapSkip=\skip64
\AlCapHSkip=\skip65
\algoskipindent=\skip66
\algocf@nlbox=\box101
\algocf@hangingbox=\box102
\algocf@untilbox=\box103
\algocf@skipuntil=\skip67
\algocf@capbox=\box104
\algocf@lcaptionbox=\skip68
\algoheightruledefault=\skip69
\algoheightrule=\skip70
\algotitleheightruledefault=\skip71
\algotitleheightrule=\skip72
\c@algocfline=\count279
\c@algocfproc=\count280
\c@algocf=\count281
\algocf@algoframe=\box105
\algocf@algobox=\box106
)
(C:/Users/Jeroe/AppData/Local/Programs/MiKTeX/tex/latex/pdfpages/pdfpages.sty
Package: pdfpages 2020/01/28 v0.5q Insert pages of external PDF documents (AM)

(C:/Users/Jeroe/AppData/Local/Programs/MiKTeX/tex/latex/tools/calc.sty
Package: calc 2017/05/25 v4.3 Infix arithmetic (KKT,FJ)
\calc@Acount=\count282
\calc@Bcount=\count283
\calc@Adimen=\dimen170
\calc@Bdimen=\dimen171
\calc@Askip=\skip73
\calc@Bskip=\skip74
LaTeX Info: Redefining \setlength on input line 80.
LaTeX Info: Redefining \addtolength on input line 81.
\calc@Ccount=\count284
\calc@Cskip=\skip75
)
(C:/Users/Jeroe/AppData/Local/Programs/MiKTeX/tex/latex/eso-pic/eso-pic.sty
Package: eso-pic 2020/09/27 v2.0i eso-pic (RN)

(C:/Users/Jeroe/AppData/Local/Programs/MiKTeX/tex/latex/base/atbegshi-ltx.sty
Package: atbegshi-ltx 2020/08/17 v1.0a Emulation of the original atbegshi packag
e
with kernel methods
)
\ESO@tempdima=\dimen172
\ESO@tempdimb=\dimen173

(C:/Users/Jeroe/AppData/Local/Programs/MiKTeX/tex/latex/xcolor/xcolor.sty
Package: xcolor 2016/05/11 v2.12 LaTeX color extensions (UK)

(C:/Users/Jeroe/AppData/Local/Programs/MiKTeX/tex/latex/graphics-cfg/color.cfg
File: color.cfg 2016/01/02 v1.6 sample color configuration
)
Package xcolor Info: Driver file: luatex.def on input line 225.
Package xcolor Info: Model `cmy' substituted by `cmy0' on input line 1348.
Package xcolor Info: Model `hsb' substituted by `rgb' on input line 1352.
Package xcolor Info: Model `RGB' extended on input line 1364.
Package xcolor Info: Model `HTML' substituted by `rgb' on input line 1366.
Package xcolor Info: Model `Hsb' substituted by `hsb' on input line 1367.
Package xcolor Info: Model `tHsb' substituted by `hsb' on input line 1368.
Package xcolor Info: Model `HSB' substituted by `hsb' on input line 1369.
Package xcolor Info: Model `Gray' substituted by `gray' on input line 1370.
Package xcolor Info: Model `wave' substituted by `hsb' on input line 1371.
))
\AM@pagewidth=\dimen174
\AM@pageheight=\dimen175

(C:/Users/Jeroe/AppData/Local/Programs/MiKTeX/tex/latex/pdfpages/ppluatex.def
File: ppluatex.def 2020/01/28 v0.5q Pdfpages driver for LuaTeX (AM)
)
\AM@pagebox=\box107
\AM@global@opts=\toks27
\AM@pagecnt=\count285
\AM@toc@title=\toks28
\c@AM@survey=\count286
\AM@templatesizebox=\box108
) (C:/Users/Jeroe/AppData/Local/Programs/MiKTeX/tex/latex/mdframed/mdframed.sty
Package: mdframed 2013/07/01 1.9b: mdframed

(C:/Users/Jeroe/AppData/Local/Programs/MiKTeX/tex/latex/kvoptions/kvoptions.sty
Package: kvoptions 2019/11/29 v3.13 Key value format for package options (HO)
(C:/Users/Jeroe/AppData/Local/Programs/MiKTeX/tex/generic/ltxcmds/ltxcmds.sty
Package: ltxcmds 2020-05-10 v1.25 LaTeX kernel commands for general use (HO)
)
(C:/Users/Jeroe/AppData/Local/Programs/MiKTeX/tex/generic/kvsetkeys/kvsetkeys.s
ty
Package: kvsetkeys 2019/12/15 v1.18 Key value parser (HO)
))
(C:/Users/Jeroe/AppData/Local/Programs/MiKTeX/tex/latex/l3packages/xparse/xpars
e.sty
(C:/Users/Jeroe/AppData/Local/Programs/MiKTeX/tex/latex/l3kernel/expl3.sty
Package: expl3 2020-10-05 L3 programming layer (loader) 

(C:/Users/Jeroe/AppData/Local/Programs/MiKTeX/tex/latex/l3backend/l3backend-lua
tex.def
File: l3backend-luatex.def 2020-09-24 L3 backend support: PDF output (LuaTeX)
\l__kernel_color_stack_int=\count287
\l__pdf_internal_box=\box109
))
Package: xparse 2020-10-05 L3 Experimental document command parser

(C:/Users/Jeroe/AppData/Local/Programs/MiKTeX/tex/latex/l3packages/xparse/xpars
e-generic.tex))
(C:/Users/Jeroe/AppData/Local/Programs/MiKTeX/tex/latex/etoolbox/etoolbox.sty
Package: etoolbox 2020/10/05 v2.5k e-TeX tools for LaTeX (JAW)
\etb@tempcnta=\count288
)
(C:/Users/Jeroe/AppData/Local/Programs/MiKTeX/tex/latex/zref/zref-abspage.sty
Package: zref-abspage 2020-07-03 v2.32 Module abspage for zref (HO)

(C:/Users/Jeroe/AppData/Local/Programs/MiKTeX/tex/latex/zref/zref-base.sty
Package: zref-base 2020-07-03 v2.32 Module base for zref (HO)

(C:/Users/Jeroe/AppData/Local/Programs/MiKTeX/tex/generic/infwarerr/infwarerr.s
ty
Package: infwarerr 2019/12/03 v1.5 Providing info/warning/error messages (HO)
)
(C:/Users/Jeroe/AppData/Local/Programs/MiKTeX/tex/generic/kvdefinekeys/kvdefine
keys.sty
Package: kvdefinekeys 2019-12-19 v1.6 Define keys (HO)
)
(C:/Users/Jeroe/AppData/Local/Programs/MiKTeX/tex/generic/pdftexcmds/pdftexcmds
.sty
Package: pdftexcmds 2020-06-27 v0.33 Utility functions of pdfTeX for LuaTeX (HO)

 (C:/Users/Jeroe/AppData/Local/Programs/MiKTeX/tex/generic/iftex/iftex.sty
Package: iftex 2020/03/06 v1.0d TeX engine tests
)
Package pdftexcmds Info: \pdf@primitive is available.
Package pdftexcmds Info: \pdf@ifprimitive is available.
Package pdftexcmds Info: \pdfdraftmode found.
\pdftexcmds@toks=\toks29
)
(C:/Users/Jeroe/AppData/Local/Programs/MiKTeX/tex/generic/etexcmds/etexcmds.sty
Package: etexcmds 2019/12/15 v1.7 Avoid name clashes with e-TeX commands (HO)
) (C:/Users/Jeroe/AppData/Local/Programs/MiKTeX/tex/latex/auxhook/auxhook.sty
Package: auxhook 2019-12-17 v1.6 Hooks for auxiliary files (HO)
)
Package zref Info: New property list: main on input line 764.
Package zref Info: New property: default on input line 765.
Package zref Info: New property: page on input line 766.
)
\c@abspage=\count289
Package zref Info: New property: abspage on input line 66.
)
(C:/Users/Jeroe/AppData/Local/Programs/MiKTeX/tex/latex/needspace/needspace.sty
Package: needspace 2010/09/12 v1.3d reserve vertical space
)
\mdf@templength=\skip76
\c@mdf@globalstyle@cnt=\count290
\mdf@skipabove@length=\skip77
\mdf@skipbelow@length=\skip78
\mdf@leftmargin@length=\skip79
\mdf@rightmargin@length=\skip80
\mdf@innerleftmargin@length=\skip81
\mdf@innerrightmargin@length=\skip82
\mdf@innertopmargin@length=\skip83
\mdf@innerbottommargin@length=\skip84
\mdf@splittopskip@length=\skip85
\mdf@splitbottomskip@length=\skip86
\mdf@outermargin@length=\skip87
\mdf@innermargin@length=\skip88
\mdf@linewidth@length=\skip89
\mdf@innerlinewidth@length=\skip90
\mdf@middlelinewidth@length=\skip91
\mdf@outerlinewidth@length=\skip92
\mdf@roundcorner@length=\skip93
\mdf@footenotedistance@length=\skip94
\mdf@userdefinedwidth@length=\skip95
\mdf@needspace@length=\skip96
\mdf@frametitleaboveskip@length=\skip97
\mdf@frametitlebelowskip@length=\skip98
\mdf@frametitlerulewidth@length=\skip99
\mdf@frametitleleftmargin@length=\skip100
\mdf@frametitlerightmargin@length=\skip101
\mdf@shadowsize@length=\skip102
\mdf@extratopheight@length=\skip103
\mdf@subtitleabovelinewidth@length=\skip104
\mdf@subtitlebelowlinewidth@length=\skip105
\mdf@subtitleaboveskip@length=\skip106
\mdf@subtitlebelowskip@length=\skip107
\mdf@subtitleinneraboveskip@length=\skip108
\mdf@subtitleinnerbelowskip@length=\skip109
\mdf@subsubtitleabovelinewidth@length=\skip110
\mdf@subsubtitlebelowlinewidth@length=\skip111
\mdf@subsubtitleaboveskip@length=\skip112
\mdf@subsubtitlebelowskip@length=\skip113
\mdf@subsubtitleinneraboveskip@length=\skip114
\mdf@subsubtitleinnerbelowskip@length=\skip115

(C:/Users/Jeroe/AppData/Local/Programs/MiKTeX/tex/latex/pgf/frontendlayer/tikz.
sty
(C:/Users/Jeroe/AppData/Local/Programs/MiKTeX/tex/latex/pgf/basiclayer/pgf.sty
(C:/Users/Jeroe/AppData/Local/Programs/MiKTeX/tex/latex/pgf/utilities/pgfrcs.st
y
(C:/Users/Jeroe/AppData/Local/Programs/MiKTeX/tex/generic/pgf/utilities/pgfutil
-common.tex
\pgfutil@everybye=\toks30
\pgfutil@tempdima=\dimen176
\pgfutil@tempdimb=\dimen177

(C:/Users/Jeroe/AppData/Local/Programs/MiKTeX/tex/generic/pgf/utilities/pgfutil
-common-lists.tex))
(C:/Users/Jeroe/AppData/Local/Programs/MiKTeX/tex/generic/pgf/utilities/pgfutil
-latex.def
\pgfutil@abb=\box110
)
(C:/Users/Jeroe/AppData/Local/Programs/MiKTeX/tex/generic/pgf/utilities/pgfrcs.
code.tex
(C:/Users/Jeroe/AppData/Local/Programs/MiKTeX/tex/generic/pgf/pgf.revision.tex)
Package: pgfrcs 2020/10/01 v3.1.6a (3.1.6a)
))
Package: pgf 2020/10/01 v3.1.6a (3.1.6a)

(C:/Users/Jeroe/AppData/Local/Programs/MiKTeX/tex/latex/pgf/basiclayer/pgfcore.
sty
(C:/Users/Jeroe/AppData/Local/Programs/MiKTeX/tex/latex/pgf/systemlayer/pgfsys.
sty
(C:/Users/Jeroe/AppData/Local/Programs/MiKTeX/tex/generic/pgf/systemlayer/pgfsy
s.code.tex
Package: pgfsys 2020/10/01 v3.1.6a (3.1.6a)

(C:/Users/Jeroe/AppData/Local/Programs/MiKTeX/tex/generic/pgf/utilities/pgfkeys
.code.tex
\pgfkeys@pathtoks=\toks31
\pgfkeys@temptoks=\toks32

(C:/Users/Jeroe/AppData/Local/Programs/MiKTeX/tex/generic/pgf/utilities/pgfkeys
filtered.code.tex
\pgfkeys@tmptoks=\toks33
))
\pgf@x=\dimen178
\pgf@y=\dimen179
\pgf@xa=\dimen180
\pgf@ya=\dimen181
\pgf@xb=\dimen182
\pgf@yb=\dimen183
\pgf@xc=\dimen184
\pgf@yc=\dimen185
\pgf@xd=\dimen186
\pgf@yd=\dimen187
\w@pgf@writea=\write3
\r@pgf@reada=\read3
\c@pgf@counta=\count291
\c@pgf@countb=\count292
\c@pgf@countc=\count293
\c@pgf@countd=\count294
\t@pgf@toka=\toks34
\t@pgf@tokb=\toks35
\t@pgf@tokc=\toks36
\pgf@sys@id@count=\count295

(C:/Users/Jeroe/AppData/Local/Programs/MiKTeX/tex/generic/pgf/systemlayer/pgf.c
fg
File: pgf.cfg 2020/10/01 v3.1.6a (3.1.6a)
)
Driver file for pgf: pgfsys-luatex.def

(C:/Users/Jeroe/AppData/Local/Programs/MiKTeX/tex/generic/pgf/systemlayer/pgfsy
s-luatex.def
File: pgfsys-luatex.def 2020/10/01 v3.1.6a (3.1.6a)

(C:/Users/Jeroe/AppData/Local/Programs/MiKTeX/tex/generic/pgf/systemlayer/pgfsy
s-common-pdf.def
File: pgfsys-common-pdf.def 2020/10/01 v3.1.6a (3.1.6a)
)))
(C:/Users/Jeroe/AppData/Local/Programs/MiKTeX/tex/generic/pgf/systemlayer/pgfsy
ssoftpath.code.tex
File: pgfsyssoftpath.code.tex 2020/10/01 v3.1.6a (3.1.6a)
\pgfsyssoftpath@smallbuffer@items=\count296
\pgfsyssoftpath@bigbuffer@items=\count297
)
(C:/Users/Jeroe/AppData/Local/Programs/MiKTeX/tex/generic/pgf/systemlayer/pgfsy
sprotocol.code.tex
File: pgfsysprotocol.code.tex 2020/10/01 v3.1.6a (3.1.6a)
))
(C:/Users/Jeroe/AppData/Local/Programs/MiKTeX/tex/generic/pgf/basiclayer/pgfcor
e.code.tex
Package: pgfcore 2020/10/01 v3.1.6a (3.1.6a)

(C:/Users/Jeroe/AppData/Local/Programs/MiKTeX/tex/generic/pgf/math/pgfmath.code
.tex
(C:/Users/Jeroe/AppData/Local/Programs/MiKTeX/tex/generic/pgf/math/pgfmathcalc.
code.tex
(C:/Users/Jeroe/AppData/Local/Programs/MiKTeX/tex/generic/pgf/math/pgfmathutil.
code.tex)
(C:/Users/Jeroe/AppData/Local/Programs/MiKTeX/tex/generic/pgf/math/pgfmathparse
r.code.tex
\pgfmath@dimen=\dimen188
\pgfmath@count=\count298
\pgfmath@box=\box111
\pgfmath@toks=\toks37
\pgfmath@stack@operand=\toks38
\pgfmath@stack@operation=\toks39
)
(C:/Users/Jeroe/AppData/Local/Programs/MiKTeX/tex/generic/pgf/math/pgfmathfunct
ions.code.tex
(C:/Users/Jeroe/AppData/Local/Programs/MiKTeX/tex/generic/pgf/math/pgfmathfunct
ions.basic.code.tex)
(C:/Users/Jeroe/AppData/Local/Programs/MiKTeX/tex/generic/pgf/math/pgfmathfunct
ions.trigonometric.code.tex)
(C:/Users/Jeroe/AppData/Local/Programs/MiKTeX/tex/generic/pgf/math/pgfmathfunct
ions.random.code.tex)
(C:/Users/Jeroe/AppData/Local/Programs/MiKTeX/tex/generic/pgf/math/pgfmathfunct
ions.comparison.code.tex)
(C:/Users/Jeroe/AppData/Local/Programs/MiKTeX/tex/generic/pgf/math/pgfmathfunct
ions.base.code.tex)
(C:/Users/Jeroe/AppData/Local/Programs/MiKTeX/tex/generic/pgf/math/pgfmathfunct
ions.round.code.tex)
(C:/Users/Jeroe/AppData/Local/Programs/MiKTeX/tex/generic/pgf/math/pgfmathfunct
ions.misc.code.tex)
(C:/Users/Jeroe/AppData/Local/Programs/MiKTeX/tex/generic/pgf/math/pgfmathfunct
ions.integerarithmetics.code.tex)))
(C:/Users/Jeroe/AppData/Local/Programs/MiKTeX/tex/generic/pgf/math/pgfmathfloat
.code.tex
\c@pgfmathroundto@lastzeros=\count299
))
(C:/Users/Jeroe/AppData/Local/Programs/MiKTeX/tex/generic/pgf/math/pgfint.code.
tex)
(C:/Users/Jeroe/AppData/Local/Programs/MiKTeX/tex/generic/pgf/basiclayer/pgfcor
epoints.code.tex
File: pgfcorepoints.code.tex 2020/10/01 v3.1.6a (3.1.6a)
\pgf@picminx=\dimen189
\pgf@picmaxx=\dimen190
\pgf@picminy=\dimen191
\pgf@picmaxy=\dimen192
\pgf@pathminx=\dimen193
\pgf@pathmaxx=\dimen194
\pgf@pathminy=\dimen195
\pgf@pathmaxy=\dimen196
\pgf@xx=\dimen197
\pgf@xy=\dimen198
\pgf@yx=\dimen199
\pgf@yy=\dimen256
\pgf@zx=\dimen257
\pgf@zy=\dimen258
)
(C:/Users/Jeroe/AppData/Local/Programs/MiKTeX/tex/generic/pgf/basiclayer/pgfcor
epathconstruct.code.tex
File: pgfcorepathconstruct.code.tex 2020/10/01 v3.1.6a (3.1.6a)
\pgf@path@lastx=\dimen259
\pgf@path@lasty=\dimen260
)
(C:/Users/Jeroe/AppData/Local/Programs/MiKTeX/tex/generic/pgf/basiclayer/pgfcor
epathusage.code.tex
File: pgfcorepathusage.code.tex 2020/10/01 v3.1.6a (3.1.6a)
\pgf@shorten@end@additional=\dimen261
\pgf@shorten@start@additional=\dimen262
)
(C:/Users/Jeroe/AppData/Local/Programs/MiKTeX/tex/generic/pgf/basiclayer/pgfcor
escopes.code.tex
File: pgfcorescopes.code.tex 2020/10/01 v3.1.6a (3.1.6a)
\pgfpic=\box112
\pgf@hbox=\box113
\pgf@layerbox@main=\box114
\pgf@picture@serial@count=\count300
)
(C:/Users/Jeroe/AppData/Local/Programs/MiKTeX/tex/generic/pgf/basiclayer/pgfcor
egraphicstate.code.tex
File: pgfcoregraphicstate.code.tex 2020/10/01 v3.1.6a (3.1.6a)
\pgflinewidth=\dimen263
)
(C:/Users/Jeroe/AppData/Local/Programs/MiKTeX/tex/generic/pgf/basiclayer/pgfcor
etransformations.code.tex
File: pgfcoretransformations.code.tex 2020/10/01 v3.1.6a (3.1.6a)
\pgf@pt@x=\dimen264
\pgf@pt@y=\dimen265
\pgf@pt@temp=\dimen266
)
(C:/Users/Jeroe/AppData/Local/Programs/MiKTeX/tex/generic/pgf/basiclayer/pgfcor
equick.code.tex
File: pgfcorequick.code.tex 2020/10/01 v3.1.6a (3.1.6a)
)
(C:/Users/Jeroe/AppData/Local/Programs/MiKTeX/tex/generic/pgf/basiclayer/pgfcor
eobjects.code.tex
File: pgfcoreobjects.code.tex 2020/10/01 v3.1.6a (3.1.6a)
)
(C:/Users/Jeroe/AppData/Local/Programs/MiKTeX/tex/generic/pgf/basiclayer/pgfcor
epathprocessing.code.tex
File: pgfcorepathprocessing.code.tex 2020/10/01 v3.1.6a (3.1.6a)
)
(C:/Users/Jeroe/AppData/Local/Programs/MiKTeX/tex/generic/pgf/basiclayer/pgfcor
earrows.code.tex
File: pgfcorearrows.code.tex 2020/10/01 v3.1.6a (3.1.6a)
\pgfarrowsep=\dimen267
)
(C:/Users/Jeroe/AppData/Local/Programs/MiKTeX/tex/generic/pgf/basiclayer/pgfcor
eshade.code.tex
File: pgfcoreshade.code.tex 2020/10/01 v3.1.6a (3.1.6a)
\pgf@max=\dimen268
\pgf@sys@shading@range@num=\count301
\pgf@shadingcount=\count302
)
(C:/Users/Jeroe/AppData/Local/Programs/MiKTeX/tex/generic/pgf/basiclayer/pgfcor
eimage.code.tex
File: pgfcoreimage.code.tex 2020/10/01 v3.1.6a (3.1.6a)

(C:/Users/Jeroe/AppData/Local/Programs/MiKTeX/tex/generic/pgf/basiclayer/pgfcor
eexternal.code.tex
File: pgfcoreexternal.code.tex 2020/10/01 v3.1.6a (3.1.6a)
\pgfexternal@startupbox=\box115
))
(C:/Users/Jeroe/AppData/Local/Programs/MiKTeX/tex/generic/pgf/basiclayer/pgfcor
elayers.code.tex
File: pgfcorelayers.code.tex 2020/10/01 v3.1.6a (3.1.6a)
)
(C:/Users/Jeroe/AppData/Local/Programs/MiKTeX/tex/generic/pgf/basiclayer/pgfcor
etransparency.code.tex
File: pgfcoretransparency.code.tex 2020/10/01 v3.1.6a (3.1.6a)
)
(C:/Users/Jeroe/AppData/Local/Programs/MiKTeX/tex/generic/pgf/basiclayer/pgfcor
epatterns.code.tex
File: pgfcorepatterns.code.tex 2020/10/01 v3.1.6a (3.1.6a)
)
(C:/Users/Jeroe/AppData/Local/Programs/MiKTeX/tex/generic/pgf/basiclayer/pgfcor
erdf.code.tex
File: pgfcorerdf.code.tex 2020/10/01 v3.1.6a (3.1.6a)
)))
(C:/Users/Jeroe/AppData/Local/Programs/MiKTeX/tex/generic/pgf/modules/pgfmodule
shapes.code.tex
File: pgfmoduleshapes.code.tex 2020/10/01 v3.1.6a (3.1.6a)
\pgfnodeparttextbox=\box116
)
(C:/Users/Jeroe/AppData/Local/Programs/MiKTeX/tex/generic/pgf/modules/pgfmodule
plot.code.tex
File: pgfmoduleplot.code.tex 2020/10/01 v3.1.6a (3.1.6a)
)
(C:/Users/Jeroe/AppData/Local/Programs/MiKTeX/tex/latex/pgf/compatibility/pgfco
mp-version-0-65.sty
Package: pgfcomp-version-0-65 2020/10/01 v3.1.6a (3.1.6a)
\pgf@nodesepstart=\dimen269
\pgf@nodesepend=\dimen270
)
(C:/Users/Jeroe/AppData/Local/Programs/MiKTeX/tex/latex/pgf/compatibility/pgfco
mp-version-1-18.sty
Package: pgfcomp-version-1-18 2020/10/01 v3.1.6a (3.1.6a)
))
(C:/Users/Jeroe/AppData/Local/Programs/MiKTeX/tex/latex/pgf/utilities/pgffor.st
y
(C:/Users/Jeroe/AppData/Local/Programs/MiKTeX/tex/latex/pgf/utilities/pgfkeys.s
ty
(C:/Users/Jeroe/AppData/Local/Programs/MiKTeX/tex/generic/pgf/utilities/pgfkeys
.code.tex))
(C:/Users/Jeroe/AppData/Local/Programs/MiKTeX/tex/latex/pgf/math/pgfmath.sty
(C:/Users/Jeroe/AppData/Local/Programs/MiKTeX/tex/generic/pgf/math/pgfmath.code
.tex))
(C:/Users/Jeroe/AppData/Local/Programs/MiKTeX/tex/generic/pgf/utilities/pgffor.
code.tex
Package: pgffor 2020/10/01 v3.1.6a (3.1.6a)

(C:/Users/Jeroe/AppData/Local/Programs/MiKTeX/tex/generic/pgf/math/pgfmath.code
.tex)
\pgffor@iter=\dimen271
\pgffor@skip=\dimen272
\pgffor@stack=\toks40
\pgffor@toks=\toks41
))
(C:/Users/Jeroe/AppData/Local/Programs/MiKTeX/tex/generic/pgf/frontendlayer/tik
z/tikz.code.tex
Package: tikz 2020/10/01 v3.1.6a (3.1.6a)

(C:/Users/Jeroe/AppData/Local/Programs/MiKTeX/tex/generic/pgf/libraries/pgflibr
aryplothandlers.code.tex
File: pgflibraryplothandlers.code.tex 2020/10/01 v3.1.6a (3.1.6a)
\pgf@plot@mark@count=\count303
\pgfplotmarksize=\dimen273
)
\tikz@lastx=\dimen274
\tikz@lasty=\dimen275
\tikz@lastxsaved=\dimen276
\tikz@lastysaved=\dimen277
\tikz@lastmovetox=\dimen278
\tikz@lastmovetoy=\dimen279
\tikzleveldistance=\dimen280
\tikzsiblingdistance=\dimen281
\tikz@figbox=\box117
\tikz@figbox@bg=\box118
\tikz@tempbox=\box119
\tikz@tempbox@bg=\box120
\tikztreelevel=\count304
\tikznumberofchildren=\count305
\tikznumberofcurrentchild=\count306
\tikz@fig@count=\count307

(C:/Users/Jeroe/AppData/Local/Programs/MiKTeX/tex/generic/pgf/modules/pgfmodule
matrix.code.tex
File: pgfmodulematrix.code.tex 2020/10/01 v3.1.6a (3.1.6a)
\pgfmatrixcurrentrow=\count308
\pgfmatrixcurrentcolumn=\count309
\pgf@matrix@numberofcolumns=\count310
)
\tikz@expandcount=\count311

(C:/Users/Jeroe/AppData/Local/Programs/MiKTeX/tex/generic/pgf/frontendlayer/tik
z/libraries/tikzlibrarytopaths.code.tex
File: tikzlibrarytopaths.code.tex 2020/10/01 v3.1.6a (3.1.6a)
)))
(C:/Users/Jeroe/AppData/Local/Programs/MiKTeX/tex/latex/mdframed/md-frame-1.mdf
File: md-frame-1.mdf 2013/07/01\ 1.9b: md-frame-1
)
\mdf@frametitlebox=\box121
\mdf@footnotebox=\box122
\mdf@splitbox@one=\box123
\mdf@splitbox@two=\box124
\mdf@splitbox@save=\box125
\mdfsplitboxwidth=\skip116
\mdfsplitboxtotalwidth=\skip117
\mdfsplitboxheight=\skip118
\mdfsplitboxdepth=\skip119
\mdfsplitboxtotalheight=\skip120
\mdfframetitleboxwidth=\skip121
\mdfframetitleboxtotalwidth=\skip122
\mdfframetitleboxheight=\skip123
\mdfframetitleboxdepth=\skip124
\mdfframetitleboxtotalheight=\skip125
\mdffootnoteboxwidth=\skip126
\mdffootnoteboxtotalwidth=\skip127
\mdffootnoteboxheight=\skip128
\mdffootnoteboxdepth=\skip129
\mdffootnoteboxtotalheight=\skip130
\mdftotallinewidth=\skip131
\mdfboundingboxwidth=\skip132
\mdfboundingboxtotalwidth=\skip133
\mdfboundingboxheight=\skip134
\mdfboundingboxdepth=\skip135
\mdfboundingboxtotalheight=\skip136
\mdf@freevspace@length=\skip137
\mdf@horizontalwidthofbox@length=\skip138
\mdf@verticalmarginwhole@length=\skip139
\mdf@horizontalspaceofbox=\skip140
\mdfsubtitleheight=\skip141
\mdfsubsubtitleheight=\skip142
\c@mdfcountframes=\count312

****** mdframed patching \endmdf@trivlist

****** -- success******

\mdf@envdepth=\count313
\c@mdf@env@i=\count314
\c@mdf@env@ii=\count315
\c@mdf@zref@counter=\count316
Package zref Info: New property: mdf@pagevalue on input line 895.
)
(C:/Users/Jeroe/AppData/Local/Programs/MiKTeX/tex/latex/listings/lstlang1.sty
File: lstlang1.sty 2020/03/24 1.8d listings language file
)
(C:/Users/Jeroe/AppData/Local/Programs/MiKTeX/tex/latex/caption/subcaption.sty
Package: subcaption 2020/08/23 v1.3g Sub-captions (AR)

(C:/Users/Jeroe/AppData/Local/Programs/MiKTeX/tex/latex/caption/caption.sty
Package: caption 2020/09/12 v3.5b Customizing captions (AR)

(C:/Users/Jeroe/AppData/Local/Programs/MiKTeX/tex/latex/caption/caption3.sty
Package: caption3 2020/09/17 v2.1b caption3 kernel (AR)
\captionmargin=\dimen282
\captionmargin@=\dimen283
\captionwidth=\dimen284
\caption@tempdima=\dimen285
\caption@indent=\dimen286
\caption@parindent=\dimen287
\caption@hangindent=\dimen288
Package caption Info: Standard document class detected.
)
\c@caption@flags=\count317
\c@continuedfloat=\count318
Package caption Info: float package is loaded.
Package caption Info: listings package is loaded.
)
\c@subfigure=\count319
\c@subtable=\count320
) (C:/Users/Jeroe/AppData/Local/Programs/MiKTeX/tex/latex/comment/comment.sty
\CommentStream=\write4

Excluding comment 'comment')
(C:/Users/Jeroe/AppData/Local/Programs/MiKTeX/tex/latex/wrapfig/wrapfig.sty
\wrapoverhang=\dimen289
\WF@size=\dimen290
\c@WF@wrappedlines=\count321
\WF@box=\box126
\WF@everypar=\toks42
Package: wrapfig 2003/01/31  v 3.6
)
(C:/Users/Jeroe/AppData/Local/Programs/MiKTeX/tex/latex/geometry/geometry.sty
Package: geometry 2020/01/02 v5.9 Page Geometry

(C:/Users/Jeroe/AppData/Local/Programs/MiKTeX/tex/generic/iftex/ifvtex.sty
Package: ifvtex 2019/10/25 v1.7 ifvtex legacy package. Use iftex instead.
)
\Gm@cnth=\count322
\Gm@cntv=\count323
\c@Gm@tempcnt=\count324
\Gm@bindingoffset=\dimen291
\Gm@wd@mp=\dimen292
\Gm@odd@mp=\dimen293
\Gm@even@mp=\dimen294
\Gm@layoutwidth=\dimen295
\Gm@layoutheight=\dimen296
\Gm@layouthoffset=\dimen297
\Gm@layoutvoffset=\dimen298
\Gm@dimlist=\toks43

(C:/Users/Jeroe/AppData/Local/Programs/MiKTeX/tex/latex/geometry/geometry.cfg)) (C:/Users/Jeroe/AppData/Local/Programs/MiKTeX/tex/latex/base/fontenc.sty
Package: fontenc 2020/08/10 v2.0s Standard LaTeX package
LaTeX Font Info:    Trying to load font information for T1+lmr on input line 112
.

(C:/Users/Jeroe/AppData/Local/Programs/MiKTeX/tex/latex/lm/t1lmr.fd
File: t1lmr.fd 2009/10/30 v1.6 Font defs for Latin Modern
))
(C:/Users/Jeroe/AppData/Local/Programs/MiKTeX/tex/latex/xcharter/XCharter.sty
Package: XCharter 2020/09/20 v1.209

`XCharter' v1.209, 2020/09/20 Text macros for XCharter, an extension of Charter
 (msharpe)
(C:/Users/Jeroe/AppData/Local/Programs/MiKTeX/tex/latex/base/fontenc.sty
Package: fontenc 2020/08/10 v2.0s Standard LaTeX package

(C:/Users/Jeroe/AppData/Local/Programs/MiKTeX/tex/latex/cyrillic/t2aenc.def
File: t2aenc.def 2005/09/27 v1.0i Cyrillic encoding definition file
)
(C:/Users/Jeroe/AppData/Local/Programs/MiKTeX/tex/latex/ly1/ly1enc.def
File: ly1enc.def 2009/07/22 v0.7 TeX 'n ANSI encoding (DPC/KB)
))
(C:/Users/Jeroe/AppData/Local/Programs/MiKTeX/tex/latex/base/textcomp.sty
Package: textcomp 2020/02/02 v2.0n Standard LaTeX package
)
(C:/Users/Jeroe/AppData/Local/Programs/MiKTeX/tex/latex/carlisle/scalefnt.sty)
LaTeX Font Info:    Setting XCharter-LF sub-encoding to TS1/0 on input line 16.
LaTeX Font Info:    Changing XCharter-TLF sub-encoding to TS1/0 on input line 16
.
LaTeX Font Info:    Setting XCharter-OsF sub-encoding to TS1/0 on input line 16.

LaTeX Font Info:    Changing XCharter-TOsF sub-encoding to TS1/0 on input line 1
6.

(C:/Users/Jeroe/AppData/Local/Programs/MiKTeX/tex/latex/xstring/xstring.sty
(C:/Users/Jeroe/AppData/Local/Programs/MiKTeX/tex/generic/xstring/xstring.tex
\integerpart=\count325
\decimalpart=\count326
)
Package: xstring 2019/02/06 v1.83 String manipulations (CT)
) (C:/Users/Jeroe/AppData/Local/Programs/MiKTeX/tex/latex/fontaxes/fontaxes.sty
Package: fontaxes 2020/07/21 v1.0e Font selection axes
LaTeX Info: Redefining \upshape on input line 29.
LaTeX Info: Redefining \itshape on input line 31.
LaTeX Info: Redefining \slshape on input line 33.
LaTeX Info: Redefining \swshape on input line 35.
LaTeX Info: Redefining \scshape on input line 37.
LaTeX Info: Redefining \sscshape on input line 39.
LaTeX Info: Redefining \ulcshape on input line 41.
LaTeX Info: Redefining \textsw on input line 47.
LaTeX Info: Redefining \textssc on input line 48.
LaTeX Info: Redefining \textulc on input line 49.
) (C:/Users/Jeroe/AppData/Local/Programs/MiKTeX/tex/latex/xkeyval/xkeyval.sty
Package: xkeyval 2014/12/03 v2.7a package option processing (HA)

(C:/Users/Jeroe/AppData/Local/Programs/MiKTeX/tex/generic/xkeyval/xkeyval.tex
(C:/Users/Jeroe/AppData/Local/Programs/MiKTeX/tex/generic/xkeyval/xkvutils.tex
\XKV@toks=\toks44
\XKV@tempa@toks=\toks45
)
\XKV@depth=\count327
File: xkeyval.tex 2014/12/03 v2.7a key=value parser (HA)
))) (C:/Users/Jeroe/AppData/Local/Programs/MiKTeX/tex/latex/tools/afterpage.sty
Package: afterpage 2014/10/28 v1.08 After-Page Package (DPC)
\AP@output=\toks46
\AP@partial=\box127
\AP@footins=\box128
))
LaTeX Font Info:    Trying to load font information for T1+XCharter-TLF on input
 line 7.

(C:/Users/Jeroe/AppData/Local/Programs/MiKTeX/tex/latex/xcharter/t1xcharter-tlf
.fd
File: T1XCharter-TLF.fd 2017/06/25 (autoinst) Font definitions for T1/XCharter-T
LF.
)
LaTeX Font Info:    Font shape `T1/XCharter-TLF/m/n' will be
(Font)              scaled to size 10.0pt on input line 7.
 ("c:/Users/Jeroe/Documents/TU Delft/BEP report/main_tc.aux")
\openout1 = main_tc.aux

LaTeX Font Info:    Checking defaults for OML/cmm/m/it on input line 7.
LaTeX Font Info:    ... okay on input line 7.
LaTeX Font Info:    Checking defaults for OMS/cmsy/m/n on input line 7.
LaTeX Font Info:    ... okay on input line 7.
LaTeX Font Info:    Checking defaults for OT1/cmr/m/n on input line 7.
LaTeX Font Info:    ... okay on input line 7.
LaTeX Font Info:    Checking defaults for T1/cmr/m/n on input line 7.
LaTeX Font Info:    ... okay on input line 7.
LaTeX Font Info:    Checking defaults for TS1/cmr/m/n on input line 7.
LaTeX Font Info:    Trying to load font information for TS1+cmr on input line 7.


(C:/Users/Jeroe/AppData/Local/Programs/MiKTeX/tex/latex/base/ts1cmr.fd
File: ts1cmr.fd 2019/12/16 v2.5j Standard LaTeX font definitions
)
LaTeX Font Info:    ... okay on input line 7.
LaTeX Font Info:    Checking defaults for TU/lmr/m/n on input line 7.
LaTeX Font Info:    ... okay on input line 7.
LaTeX Font Info:    Checking defaults for OMX/cmex/m/n on input line 7.
LaTeX Font Info:    ... okay on input line 7.
LaTeX Font Info:    Checking defaults for U/cmr/m/n on input line 7.
LaTeX Font Info:    ... okay on input line 7.
LaTeX Font Info:    Checking defaults for T2A/cmr/m/n on input line 7.
LaTeX Font Info:    Trying to load font information for T2A+cmr on input line 7.


(C:/Users/Jeroe/AppData/Local/Programs/MiKTeX/tex/latex/cyrillic/t2acmr.fd
File: t2acmr.fd 2001/08/11 v1.0a Computer Modern Cyrillic font definitions
)
LaTeX Font Info:    ... okay on input line 7.
LaTeX Font Info:    Checking defaults for LY1/ptm/m/n on input line 7.
LaTeX Font Info:    Trying to load font information for LY1+ptm on input line 7.


(C:/Users/Jeroe/AppData/Local/Programs/MiKTeX/tex/latex/ly1/ly1ptm.fd
File: ly1ptm.fd 2001/02/01 font definitions for LY1/ptm using Berry names.
)
LaTeX Font Info:    ... okay on input line 7.
\c@lstlisting=\count328

(C:/Users/Jeroe/AppData/Local/Programs/MiKTeX/tex/context/base/mkii/supp-pdf.mk
ii
[Loading MPS to PDF converter (version 2006.09.02).]
\scratchcounter=\count329
\scratchdimen=\dimen299
\scratchbox=\box129
\nofMPsegments=\count330
\nofMParguments=\count331
\everyMPshowfont=\toks47
\MPscratchCnt=\count332
\MPscratchDim=\dimen300
\MPnumerator=\count333
\makeMPintoPDFobject=\count334
\everyMPtoPDFconversion=\toks48
)
(C:/Users/Jeroe/AppData/Local/Programs/MiKTeX/tex/latex/epstopdf-pkg/epstopdf-b
ase.sty
Package: epstopdf-base 2020-01-24 v2.11 Base part for package epstopdf
Package epstopdf-base Info: Redefining graphics rule for `.eps' on input line 48
5.
)
(C:/Users/Jeroe/AppData/Local/Programs/MiKTeX/tex/latex/pdflscape/pdflscape.sty
Package: pdflscape 2019/12/05 v0.12 Display of landscape pages in PDF (HO)
(C:/Users/Jeroe/AppData/Local/Programs/MiKTeX/tex/latex/graphics/lscape.sty
Package: lscape 2020/05/28 v3.02 Landscape Pages (DPC)
)
Package pdflscape Info: Auto-detected driver: pdftex on input line 81.
)
Package caption Info: Begin \AtBeginDocument code.
Package caption Info: wrapfig package is loaded.
Package caption Info: End \AtBeginDocument code.

*geometry* driver: auto-detecting
*geometry* detected driver: luatex
*geometry* verbose mode - [ preamble ] result:
* driver: luatex
* paper: a4paper
* layout: <same size as paper>
* layoutoffset:(h,v)=(0.0pt,0.0pt)
* modes: 
* h-part:(L,W,R)=(71.13188pt, 455.24411pt, 71.13188pt)
* v-part:(T,H,B)=(71.13188pt, 688.5567pt, 85.35826pt)
* \paperwidth=597.50787pt
* \paperheight=845.04684pt
* \textwidth=455.24411pt
* \textheight=688.5567pt
* \oddsidemargin=-1.1381pt
* \evensidemargin=-1.1381pt
* \topmargin=-49.28133pt
* \headheight=14.0pt
* \headsep=34.14322pt
* \topskip=10.0pt
* \footskip=42.67912pt
* \marginparwidth=65.0pt
* \marginparsep=11.0pt
* \columnsep=10.0pt
* \skip\footins=9.0pt plus 4.0pt minus 2.0pt
* \hoffset=0.0pt
* \voffset=0.0pt
* \mag=1000
* \@twocolumnfalse
* \@twosidefalse
* \@mparswitchfalse
* \@reversemarginfalse
* (1in=72.27pt=25.4mm, 1cm=28.453pt)

\c@mv@tabular=\count335
\c@mv@boldtabular=\count336
("c:/Users/Jeroe/Documents/TU Delft/BEP report/Chapters/title.tex"
LaTeX Font Info:    Font shape `T1/XCharter-TLF/m/n' will be
(Font)              scaled to size 17.28pt on input line 6.
LaTeX Font Info:    Font shape `T1/XCharter-TLF/m/n' will be
(Font)              scaled to size 20.74pt on input line 6.
LaTeX Font Info:    Font shape `T1/XCharter-TLF/b/n' will be
(Font)              scaled to size 20.74pt on input line 6.
LaTeX Font Info:    Font shape `T1/XCharter-TLF/m/n' will be
(Font)              scaled to size 12.0pt on input line 6.
LaTeX Font Info:    Trying to load font information for U+msa on input line 6.

(C:/Users/Jeroe/AppData/Local/Programs/MiKTeX/tex/latex/amsfonts/umsa.fd
File: umsa.fd 2013/01/14 v3.01 AMS symbols A
)
LaTeX Font Info:    Trying to load font information for U+msb on input line 6.

(C:/Users/Jeroe/AppData/Local/Programs/MiKTeX/tex/latex/amsfonts/umsb.fd
File: umsb.fd 2013/01/14 v3.01 AMS symbols B
)
LaTeX Font Info:    Trying to load font information for U+stmry on input line 6.


(C:/Users/Jeroe/AppData/Local/Programs/MiKTeX/tex/latex/stmaryrd/ustmry.fd)
luaotfload | cache : Lookup cache loaded from C:/Users/Jeroe/AppData/Local/MiKTe
X/luatex-cache/generic/names/luaotfload-lookup-cache.luc.
luaotfload | db : Reload initiated (formats: otf,ttf,ttc); reason: Font "stmary8
" not found.
luaotfload | resolve : sequence of 3 lookups yielded nothing appropriate.
luaotfload | resolve : sequence of 3 lookups yielded nothing appropriate.
luaotfload | resolve : sequence of 3 lookups yielded nothing appropriate.
luaotfload | resolve : sequence of 3 lookups yielded nothing appropriate.
<Resources/Figures/titlepage/TUD.png, id=4, 99.67238pt x 48.48112pt>
File: Resources/Figures/titlepage/TUD.png Graphic file (type png)
<use Resources/Figures/titlepage/TUD.png>
Package luatex.def Info: Resources/Figures/titlepage/TUD.png  used on input line
 13.
(luatex.def)             Requested size: 182.09486pt x 88.57162pt.

[1

{C:/Users/Jeroe/AppData/Local/MiKTeX/pdftex/config/pdftex.map}<c:/Users/Jeroe/Do
cuments/TU Delft/BEP report/Resources/Figures/titlepage/TUD.png>] [1])
[1] ("c:/Users/Jeroe/Documents/TU Delft/BEP report/Chapters/abstract.tex"
LaTeX Font Info:    Font shape `T1/XCharter-TLF/m/n' will be
(Font)              scaled to size 14.4pt on input line 1.
LaTeX Font Info:    Font shape `T1/XCharter-TLF/b/n' will be
(Font)              scaled to size 14.4pt on input line 1.
)
[2] ("c:/Users/Jeroe/Documents/TU Delft/BEP report/main_tc.toc"
LaTeX Font Info:    Font shape `T1/XCharter-TLF/b/n' will be
(Font)              scaled to size 10.0pt on input line 2.
)
\tf@toc=\write5

\openout5 = main_tc.toc
 [3]
("c:/Users/Jeroe/Documents/TU Delft/BEP report/Chapters/introduction.tex")
[1

] ("c:/Users/Jeroe/Documents/TU Delft/BEP report/Chapters_tc/theory.tex"
LaTeX Font Info:    Font shape `T1/XCharter-TLF/b/n' will be
(Font)              scaled to size 12.0pt on input line 3.
<Resources/Figures//tem.png, id=29, 133.6995pt x 315.45856pt>
File: Resources/Figures//tem.png Graphic file (type png)
<use Resources/Figures//tem.png>
Package luatex.def Info: Resources/Figures//tem.png  used on input line 20.
(luatex.def)             Requested size: 155.83475pt x 367.71317pt.
<Resources/Figures//filter.png, id=30, 188.6247pt x 146.7081pt>
File: Resources/Figures//filter.png Graphic file (type png)
<use Resources/Figures//filter.png>
Package luatex.def Info: Resources/Figures//filter.png  used on input line 28.
(luatex.def)             Requested size: 166.96654pt x 129.87135pt.
<Resources/Figures//inse.png, id=31, 329.18985pt x 243.91125pt>
File: Resources/Figures//inse.png Graphic file (type png)
<use Resources/Figures//inse.png>
Package luatex.def Info: Resources/Figures//inse.png  used on input line 39.
(luatex.def)             Requested size: 133.57458pt x 98.96959pt.

Underfull \hbox (badness 10000) in paragraph at lines 34--42

 []

[2<c:/Users/Jeroe/Documents/TU Delft/BEP report/Resources/Figures//tem.png><c:/U
sers/Jeroe/Documents/TU Delft/BEP report/Resources/Figures//filter.png>]
<Resources/Figures//unit-cell.png, id=38, 222.5916pt x 175.97745pt>
File: Resources/Figures//unit-cell.png Graphic file (type png)
<use Resources/Figures//unit-cell.png>
Package luatex.def Info: Resources/Figures//unit-cell.png  used on input line 47
.
(luatex.def)             Requested size: 133.57458pt x 105.60606pt.
<Resources/Figures//scat.png, id=39, 185.7339pt x 170.91855pt>
File: Resources/Figures//scat.png Graphic file (type png)
<use Resources/Figures//scat.png>
Package luatex.def Info: Resources/Figures//scat.png  used on input line 60.
(luatex.def)             Requested size: 133.57458pt x 122.92822pt.

Underfull \hbox (badness 10000) in paragraph at lines 53--63

 []

<Resources/Figures//bands.png, id=40, 191.5155pt x 155.74185pt>
File: Resources/Figures//bands.png Graphic file (type png)
<use Resources/Figures//bands.png>
Package luatex.def Info: Resources/Figures//bands.png  used on input line 75.
(luatex.def)             Requested size: 133.57458pt x 108.6312pt.
[3<c:/Users/Jeroe/Documents/TU Delft/BEP report/Resources/Figures//inse.png><c:/
Users/Jeroe/Documents/TU Delft/BEP report/Resources/Figures//unit-cell.png><c:/U
sers/Jeroe/Documents/TU Delft/BEP report/Resources/Figures//scat.png>]
Underfull \hbox (badness 10000) in paragraph at lines 81--81
[]\T1/XCharter-TLF/b/n/12 Momentum-resolved elec-tron
 []

<Resources/Figures//diff-im.png, id=49, 175.97745pt x 216.81pt>
File: Resources/Figures//diff-im.png Graphic file (type png)
<use Resources/Figures//diff-im.png>
Package luatex.def Info: Resources/Figures//diff-im.png  used on input line 92.
(luatex.def)             Requested size: 122.4428pt x 150.85287pt.
LaTeX Font Info:    Font shape `T1/XCharter-TLF/m/n' will be
(Font)              scaled to size 7.0pt on input line 107.
LaTeX Font Info:    Font shape `T1/XCharter-TLF/m/n' will be
(Font)              scaled to size 8.0pt on input line 107.
LaTeX Font Info:    Font shape `T1/XCharter-TLF/m/n' will be
(Font)              scaled to size 6.0pt on input line 107.
[4<c:/Users/Jeroe/Documents/TU Delft/BEP report/Resources/Figures//bands.png><c:
/Users/Jeroe/Documents/TU Delft/BEP report/Resources/Figures//diff-im.png>]
<Resources/Figures//tr-diff-im.png, id=55, 289.08pt x 289.08pt>
File: Resources/Figures//tr-diff-im.png Graphic file (type png)
<use Resources/Figures//tr-diff-im.png>
Package luatex.def Info: Resources/Figures//tr-diff-im.png  used on input line 1
11.
(luatex.def)             Requested size: 222.62206pt x 222.61874pt.
Package epstopdf Info: Source file: <Resources/Figures//big-spectrum.eps>
(epstopdf)                    date: 2021-06-20 22:08:19
(epstopdf)                    size: 192577 bytes
(epstopdf)             Output file: <Resources/Figures//big-spectrum-eps-convert
ed-to.pdf>
(epstopdf)                    date: 2021-06-20 22:11:29
(epstopdf)                    size: 9603 bytes
(epstopdf)             Command: <epstopdf --outfile=Resources/Figures//big-spect
rum-eps-converted-to.pdf Resources/Figures//big-spectrum.eps>
(epstopdf)             \includegraphics on input line 123.
Package epstopdf Info: Output file is already uptodate.
<Resources/Figures//big-spectrum-eps-converted-to.pdf, id=56, 462.72874pt x 289.
08pt>
File: Resources/Figures//big-spectrum-eps-converted-to.pdf Graphic file (type pd
f)
<use Resources/Figures//big-spectrum-eps-converted-to.pdf>
Package luatex.def Info: Resources/Figures//big-spectrum-eps-converted-to.pdf  u
sed on input line 123.
(luatex.def)             Requested size: 222.62206pt x 139.07881pt.
Package epstopdf Info: Source file: <Resources/Figures//qmap-example.eps>
(epstopdf)                    date: 2021-06-29 16:19:09
(epstopdf)                    size: 7561698 bytes
(epstopdf)             Output file: <Resources/Figures//qmap-example-eps-convert
ed-to.pdf>
(epstopdf)                    date: 2021-06-29 16:19:34
(epstopdf)                    size: 439924 bytes
(epstopdf)             Command: <epstopdf --outfile=Resources/Figures//qmap-exam
ple-eps-converted-to.pdf Resources/Figures//qmap-example.eps>
(epstopdf)             \includegraphics on input line 131.
Package epstopdf Info: Output file is already uptodate.
<Resources/Figures//qmap-example-eps-converted-to.pdf, id=57, 505.89pt x 361.35p
t>
File: Resources/Figures//qmap-example-eps-converted-to.pdf Graphic file (type pd
f)
<use Resources/Figures//qmap-example-eps-converted-to.pdf>
Package luatex.def Info: Resources/Figures//qmap-example-eps-converted-to.pdf  u
sed on input line 131.
(luatex.def)             Requested size: 222.62206pt x 159.01654pt.
)
("c:/Users/Jeroe/Documents/TU Delft/BEP report/Chapters_tc/experimental_method.
tex" [5<c:/Users/Jeroe/Documents/TU Delft/BEP report/Resources/Figures//tr-diff-
im.png><c:/Users/Jeroe/Documents/TU Delft/BEP report/Resources/Figures//big-spec
trum-eps-converted-to.pdf><c:/Users/Jeroe/Documents/TU Delft/BEP report/Resource
s/Figures//qmap-example-eps-converted-to.pdf>]
<Resources/Figures//eftem-stack.png, id=90, 1488.05937pt x 857.2025pt>
File: Resources/Figures//eftem-stack.png Graphic file (type png)
<use Resources/Figures//eftem-stack.png>
Package luatex.def Info: Resources/Figures//eftem-stack.png  used on input line 
5.
(luatex.def)             Requested size: 341.43307pt x 196.68155pt.
LaTeX Font Info:    Font shape `T1/XCharter-TLF/m/it' will be
(Font)              scaled to size 10.0pt on input line 16.

Underfull \hbox (badness 10000) in paragraph at lines 15--24

 []


Underfull \hbox (badness 10000) in paragraph at lines 26--33

 []

[6<c:/Users/Jeroe/Documents/TU Delft/BEP report/Resources/Figures//eftem-stack.p
ng>]
Package epstopdf Info: Source file: <Resources/Figures//bat_cor_ex.eps>
(epstopdf)                    date: 2021-06-29 16:12:36
(epstopdf)                    size: 193177 bytes
(epstopdf)             Output file: <Resources/Figures//bat_cor_ex-eps-converted
-to.pdf>
(epstopdf)                    date: 2021-06-29 16:14:26
(epstopdf)                    size: 11746 bytes
(epstopdf)             Command: <epstopdf --outfile=Resources/Figures//bat_cor_e
x-eps-converted-to.pdf Resources/Figures//bat_cor_ex.eps>
(epstopdf)             \includegraphics on input line 42.
Package epstopdf Info: Output file is already uptodate.
<Resources/Figures//bat_cor_ex-eps-converted-to.pdf, id=97, 289.08pt x 505.89pt>

File: Resources/Figures//bat_cor_ex-eps-converted-to.pdf Graphic file (type pdf)

<use Resources/Figures//bat_cor_ex-eps-converted-to.pdf>
Package luatex.def Info: Resources/Figures//bat_cor_ex-eps-converted-to.pdf  use
d on input line 42.
(luatex.def)             Requested size: 222.62206pt x 389.58281pt.

Underfull \hbox (badness 10000) in paragraph at lines 35--45

 []

[7<c:/Users/Jeroe/Documents/TU Delft/BEP report/Resources/Figures//bat_cor_ex-ep
s-converted-to.pdf>]
Underfull \hbox (badness 10000) in paragraph at lines 49--51

 []

<Resources/Figures//int-tech.png, id=111, 243.5499pt x 157.18726pt>
File: Resources/Figures//int-tech.png Graphic file (type png)
<use Resources/Figures//int-tech.png>
Package luatex.def Info: Resources/Figures//int-tech.png  used on input line 63.

(luatex.def)             Requested size: 200.35849pt x 129.3117pt.

Underfull \hbox (badness 10000) in paragraph at lines 52--66

 []


Underfull \hbox (badness 10000) in paragraph at lines 70--73

 []

) [8<c:/Users/Jeroe/Documents/TU Delft/BEP report/Resources/Figures//int-tech.pn
g>] ("c:/Users/Jeroe/Documents/TU Delft/BEP report/Chapters_tc/results.tex"
Package epstopdf Info: Source file: <Resources/Figures//tech_comp.eps>
(epstopdf)                    date: 2021-06-22 14:49:16
(epstopdf)                    size: 15959590 bytes
(epstopdf)             Output file: <Resources/Figures//tech_comp-eps-converted-
to.pdf>
(epstopdf)                    date: 2021-06-22 14:50:13
(epstopdf)                    size: 749842 bytes
(epstopdf)             Command: <epstopdf --outfile=Resources/Figures//tech_comp
-eps-converted-to.pdf Resources/Figures//tech_comp.eps>
(epstopdf)             \includegraphics on input line 6.
Package epstopdf Info: Output file is already uptodate.
<Resources/Figures//tech_comp-eps-converted-to.pdf, id=116, 578.16pt x 433.62pt>

File: Resources/Figures//tech_comp-eps-converted-to.pdf Graphic file (type pdf)
<use Resources/Figures//tech_comp-eps-converted-to.pdf>
Package luatex.def Info: Resources/Figures//tech_comp-eps-converted-to.pdf  used
 on input line 6.
(luatex.def)             Requested size: 409.71692pt x 307.28348pt.

Underfull \hbox (badness 10000) in paragraph at lines 13--15

 []

[9<c:/Users/Jeroe/Documents/TU Delft/BEP report/Resources/Figures//tech_comp-eps
-converted-to.pdf>]
Package epstopdf Info: Source file: <Resources/Figures//qmap_corr_comp.eps>
(epstopdf)                    date: 2021-06-21 21:29:39
(epstopdf)                    size: 29273048 bytes
(epstopdf)             Output file: <Resources/Figures//qmap_corr_comp-eps-conve
rted-to.pdf>
(epstopdf)                    date: 2021-06-21 21:31:46
(epstopdf)                    size: 1859838 bytes
(epstopdf)             Command: <epstopdf --outfile=Resources/Figures//qmap_corr
_comp-eps-converted-to.pdf Resources/Figures//qmap_corr_comp.eps>
(epstopdf)             \includegraphics on input line 22.
Package epstopdf Info: Output file is already uptodate.
<Resources/Figures//qmap_corr_comp-eps-converted-to.pdf, id=137, 925.4575pt x 57
8.16pt>
File: Resources/Figures//qmap_corr_comp-eps-converted-to.pdf Graphic file (type 
pdf)
<use Resources/Figures//qmap_corr_comp-eps-converted-to.pdf>
Package luatex.def Info: Resources/Figures//qmap_corr_comp-eps-converted-to.pdf 
 used on input line 22.
(luatex.def)             Requested size: 455.24411pt x 284.40363pt.
 [10<c:/Users/Jeroe/Documents/TU Delft/BEP report/Resources/Figures//qmap_corr_c
omp-eps-converted-to.pdf>]
Package epstopdf Info: Source file: <Resources/Figures//qmap_peak.eps>
(epstopdf)                    date: 2021-06-22 00:28:22
(epstopdf)                    size: 14764496 bytes
(epstopdf)             Output file: <Resources/Figures//qmap_peak-eps-converted-
to.pdf>
(epstopdf)                    date: 2021-06-22 01:02:09
(epstopdf)                    size: 985128 bytes
(epstopdf)             Command: <epstopdf --outfile=Resources/Figures//qmap_peak
-eps-converted-to.pdf Resources/Figures//qmap_peak.eps>
(epstopdf)             \includegraphics on input line 38.
Package epstopdf Info: Output file is already uptodate.
<Resources/Figures//qmap_peak-eps-converted-to.pdf, id=162, 925.4575pt x 578.16p
t>
File: Resources/Figures//qmap_peak-eps-converted-to.pdf Graphic file (type pdf)
<use Resources/Figures//qmap_peak-eps-converted-to.pdf>
Package luatex.def Info: Resources/Figures//qmap_peak-eps-converted-to.pdf  used
 on input line 38.
(luatex.def)             Requested size: 455.24411pt x 284.40363pt.

Underfull \hbox (badness 10000) in paragraph at lines 45--48

 []

[11<c:/Users/Jeroe/Documents/TU Delft/BEP report/Resources/Figures//qmap_peak-ep
s-converted-to.pdf>]
Package epstopdf Info: Source file: <Resources/Figures//plasmon_dispersion.eps>
(epstopdf)                    date: 2021-06-29 17:03:04
(epstopdf)                    size: 392865 bytes
(epstopdf)             Output file: <Resources/Figures//plasmon_dispersion-eps-c
onverted-to.pdf>
(epstopdf)                    date: 2021-06-29 17:03:30
(epstopdf)                    size: 39149 bytes
(epstopdf)             Command: <epstopdf --outfile=Resources/Figures//plasmon_d
ispersion-eps-converted-to.pdf Resources/Figures//plasmon_dispersion.eps>
(epstopdf)             \includegraphics on input line 53.
Package epstopdf Info: Output file is already uptodate.
<Resources/Figures//plasmon_dispersion-eps-converted-to.pdf, id=187, 505.89pt x 
361.35pt>
File: Resources/Figures//plasmon_dispersion-eps-converted-to.pdf Graphic file (t
ype pdf)
<use Resources/Figures//plasmon_dispersion-eps-converted-to.pdf>
Package luatex.def Info: Resources/Figures//plasmon_dispersion-eps-converted-to.
pdf  used on input line 53.
(luatex.def)             Requested size: 222.62206pt x 159.01654pt.
Package epstopdf Info: Source file: <Resources/Figures//track_peak.eps>
(epstopdf)                    date: 2021-06-29 16:53:42
(epstopdf)                    size: 239182 bytes
(epstopdf)             Output file: <Resources/Figures//track_peak-eps-converted
-to.pdf>
(epstopdf)                    date: 2021-06-29 16:54:15
(epstopdf)                    size: 24894 bytes
(epstopdf)             Command: <epstopdf --outfile=Resources/Figures//track_pea
k-eps-converted-to.pdf Resources/Figures//track_peak.eps>
(epstopdf)             \includegraphics on input line 60.
Package epstopdf Info: Output file is already uptodate.
<Resources/Figures//track_peak-eps-converted-to.pdf, id=188, 505.89pt x 361.35pt
>
File: Resources/Figures//track_peak-eps-converted-to.pdf Graphic file (type pdf)

<use Resources/Figures//track_peak-eps-converted-to.pdf>
Package luatex.def Info: Resources/Figures//track_peak-eps-converted-to.pdf  use
d on input line 60.
(luatex.def)             Requested size: 222.62206pt x 159.01654pt.
)
("c:/Users/Jeroe/Documents/TU Delft/BEP report/Chapters_tc/conclusion.tex")
[12<c:/Users/Jeroe/Documents/TU Delft/BEP report/Resources/Figures//plasmon_disp
ersion-eps-converted-to.pdf><c:/Users/Jeroe/Documents/TU Delft/BEP report/Resour
ces/Figures//track_peak-eps-converted-to.pdf>]
("c:/Users/Jeroe/Documents/TU Delft/BEP report/main_tc.bbl" [13
Missing character: There is no  (U+2013) in font XCharter-Roman-tlf-t1!
Missing character: There is no  (U+201C) in font XCharter-Roman-tlf-t1!
Missing character: There is no  (U+201D) in font XCharter-Roman-tlf-t1!
Missing character: There is no  (U+2014) in font XCharter-Roman-tlf-t1!
]) [14]
("c:/Users/Jeroe/Documents/TU Delft/BEP report/Chapters/appendix.tex"
Package epstopdf Info: Source file: <Resources/Figures//tech_comp_bat_peak.eps>
(epstopdf)                    date: 2021-06-22 14:53:32
(epstopdf)                    size: 15468959 bytes
(epstopdf)             Output file: <Resources/Figures//tech_comp_bat_peak-eps-c
onverted-to.pdf>
(epstopdf)                    date: 2021-06-22 14:59:31
(epstopdf)                    size: 729731 bytes
(epstopdf)             Command: <epstopdf --outfile=Resources/Figures//tech_comp
_bat_peak-eps-converted-to.pdf Resources/Figures//tech_comp_bat_peak.eps>
(epstopdf)             \includegraphics on input line 5.
Package epstopdf Info: Output file is already uptodate.
<Resources/Figures//tech_comp_bat_peak-eps-converted-to.pdf, id=234, 578.16pt x 
433.62pt>
File: Resources/Figures//tech_comp_bat_peak-eps-converted-to.pdf Graphic file (t
ype pdf)
<use Resources/Figures//tech_comp_bat_peak-eps-converted-to.pdf>
Package luatex.def Info: Resources/Figures//tech_comp_bat_peak-eps-converted-to.
pdf  used on input line 5.
(luatex.def)             Requested size: 455.24411pt x 341.43124pt.
) [15<c:/Users/Jeroe/Documents/TU Delft/BEP report/Resources/Figures//tech_comp_
bat_peak-eps-converted-to.pdf>]
<Resources/Reference Literature/usage_example.pdf, id=255, 614.295pt x 794.97pt>

File: Resources/Reference Literature/usage_example.pdf Graphic file (type pdf)
<use Resources/Reference Literature/usage_example.pdf>
Package luatex.def Info: Resources/Reference Literature/usage_example.pdf  used 
on input line 45.
(luatex.def)             Requested size: 614.29349pt x 794.96806pt.
File: Resources/Reference Literature/usage_example.pdf Graphic file (type pdf)
<use Resources/Reference Literature/usage_example.pdf>
Package luatex.def Info: Resources/Reference Literature/usage_example.pdf  used 
on input line 45.
(luatex.def)             Requested size: 614.29349pt x 794.96806pt.
<Resources/Reference Literature/usage_example.pdf, id=258, page=1, 614.295pt x 7
94.97pt>
File: Resources/Reference Literature/usage_example.pdf Graphic file (type pdf)
<use Resources/Reference Literature/usage_example.pdf, page 1>
Package luatex.def Info: Resources/Reference Literature/usage_example.pdf , page
1 used on input line 45.
(luatex.def)             Requested size: 614.29349pt x 794.96806pt.
File: Resources/Reference Literature/usage_example.pdf Graphic file (type pdf)
<use Resources/Reference Literature/usage_example.pdf, page 1>
Package luatex.def Info: Resources/Reference Literature/usage_example.pdf , page
1 used on input line 45.
(luatex.def)             Requested size: 597.78697pt x 773.60669pt.
File: Resources/Reference Literature/usage_example.pdf Graphic file (type pdf)
<use Resources/Reference Literature/usage_example.pdf, page 1>
Package luatex.def Info: Resources/Reference Literature/usage_example.pdf , page
1 used on input line 45.
(luatex.def)             Requested size: 597.78697pt x 773.60669pt.
File: Resources/Reference Literature/usage_example.pdf Graphic file (type pdf)
<use Resources/Reference Literature/usage_example.pdf, page 1>
Package luatex.def Info: Resources/Reference Literature/usage_example.pdf , page
1 used on input line 45.
(luatex.def)             Requested size: 597.78697pt x 773.60669pt.
File: Resources/Reference Literature/usage_example.pdf Graphic file (type pdf)
<use Resources/Reference Literature/usage_example.pdf, page 1>
Package luatex.def Info: Resources/Reference Literature/usage_example.pdf , page
1 used on input line 45.
(luatex.def)             Requested size: 597.78697pt x 773.60669pt.
 [16<c:/Users/Jeroe/Documents/TU Delft/BEP report/Resources/Reference Literature
/usage_example.pdf>]
<Resources/Reference Literature/usage_example.pdf, id=321, page=2, 614.295pt x 7
94.97pt>
File: Resources/Reference Literature/usage_example.pdf Graphic file (type pdf)
<use Resources/Reference Literature/usage_example.pdf, page 2>
Package luatex.def Info: Resources/Reference Literature/usage_example.pdf , page
2 used on input line 45.
(luatex.def)             Requested size: 597.78697pt x 773.60669pt.
File: Resources/Reference Literature/usage_example.pdf Graphic file (type pdf)
<use Resources/Reference Literature/usage_example.pdf, page 2>
Package luatex.def Info: Resources/Reference Literature/usage_example.pdf , page
2 used on input line 45.
(luatex.def)             Requested size: 597.78697pt x 773.60669pt.
File: Resources/Reference Literature/usage_example.pdf Graphic file (type pdf)
<use Resources/Reference Literature/usage_example.pdf, page 2>
Package luatex.def Info: Resources/Reference Literature/usage_example.pdf , page
2 used on input line 45.
(luatex.def)             Requested size: 597.78697pt x 773.60669pt.
 [17<c:/Users/Jeroe/Documents/TU Delft/BEP report/Resources/Reference Literature
/usage_example.pdf>]
<Resources/Reference Literature/usage_example.pdf, id=325, page=3, 614.295pt x 7
94.97pt>
File: Resources/Reference Literature/usage_example.pdf Graphic file (type pdf)
<use Resources/Reference Literature/usage_example.pdf, page 3>
Package luatex.def Info: Resources/Reference Literature/usage_example.pdf , page
3 used on input line 45.
(luatex.def)             Requested size: 597.78697pt x 773.60669pt.
File: Resources/Reference Literature/usage_example.pdf Graphic file (type pdf)
<use Resources/Reference Literature/usage_example.pdf, page 3>
Package luatex.def Info: Resources/Reference Literature/usage_example.pdf , page
3 used on input line 45.
(luatex.def)             Requested size: 597.78697pt x 773.60669pt.
File: Resources/Reference Literature/usage_example.pdf Graphic file (type pdf)
<use Resources/Reference Literature/usage_example.pdf, page 3>
Package luatex.def Info: Resources/Reference Literature/usage_example.pdf , page
3 used on input line 45.
(luatex.def)             Requested size: 597.78697pt x 773.60669pt.
 [18<c:/Users/Jeroe/Documents/TU Delft/BEP report/Resources/Reference Literature
/usage_example.pdf>]
<Resources/Reference Literature/usage_example.pdf, id=331, page=4, 614.295pt x 7
94.97pt>
File: Resources/Reference Literature/usage_example.pdf Graphic file (type pdf)
<use Resources/Reference Literature/usage_example.pdf, page 4>
Package luatex.def Info: Resources/Reference Literature/usage_example.pdf , page
4 used on input line 45.
(luatex.def)             Requested size: 597.78697pt x 773.60669pt.
File: Resources/Reference Literature/usage_example.pdf Graphic file (type pdf)
<use Resources/Reference Literature/usage_example.pdf, page 4>
Package luatex.def Info: Resources/Reference Literature/usage_example.pdf , page
4 used on input line 45.
(luatex.def)             Requested size: 597.78697pt x 773.60669pt.
File: Resources/Reference Literature/usage_example.pdf Graphic file (type pdf)
<use Resources/Reference Literature/usage_example.pdf, page 4>
Package luatex.def Info: Resources/Reference Literature/usage_example.pdf , page
4 used on input line 45.
(luatex.def)             Requested size: 597.78697pt x 773.60669pt.
 [19<c:/Users/Jeroe/Documents/TU Delft/BEP report/Resources/Reference Literature
/usage_example.pdf>]
<Resources/Reference Literature/usage_example.pdf, id=335, page=5, 614.295pt x 7
94.97pt>
File: Resources/Reference Literature/usage_example.pdf Graphic file (type pdf)
<use Resources/Reference Literature/usage_example.pdf, page 5>
Package luatex.def Info: Resources/Reference Literature/usage_example.pdf , page
5 used on input line 45.
(luatex.def)             Requested size: 597.78697pt x 773.60669pt.
File: Resources/Reference Literature/usage_example.pdf Graphic file (type pdf)
<use Resources/Reference Literature/usage_example.pdf, page 5>
Package luatex.def Info: Resources/Reference Literature/usage_example.pdf , page
5 used on input line 45.
(luatex.def)             Requested size: 597.78697pt x 773.60669pt.
File: Resources/Reference Literature/usage_example.pdf Graphic file (type pdf)
<use Resources/Reference Literature/usage_example.pdf, page 5>
Package luatex.def Info: Resources/Reference Literature/usage_example.pdf , page
5 used on input line 45.
(luatex.def)             Requested size: 597.78697pt x 773.60669pt.
 [20<c:/Users/Jeroe/Documents/TU Delft/BEP report/Resources/Reference Literature
/usage_example.pdf>]
<Resources/Reference Literature/usage_example.pdf, id=341, page=6, 614.295pt x 7
94.97pt>
File: Resources/Reference Literature/usage_example.pdf Graphic file (type pdf)
<use Resources/Reference Literature/usage_example.pdf, page 6>
Package luatex.def Info: Resources/Reference Literature/usage_example.pdf , page
6 used on input line 45.
(luatex.def)             Requested size: 597.78697pt x 773.60669pt.
File: Resources/Reference Literature/usage_example.pdf Graphic file (type pdf)
<use Resources/Reference Literature/usage_example.pdf, page 6>
Package luatex.def Info: Resources/Reference Literature/usage_example.pdf , page
6 used on input line 45.
(luatex.def)             Requested size: 597.78697pt x 773.60669pt.
File: Resources/Reference Literature/usage_example.pdf Graphic file (type pdf)
<use Resources/Reference Literature/usage_example.pdf, page 6>
Package luatex.def Info: Resources/Reference Literature/usage_example.pdf , page
6 used on input line 45.
(luatex.def)             Requested size: 597.78697pt x 773.60669pt.
 [21<c:/Users/Jeroe/Documents/TU Delft/BEP report/Resources/Reference Literature
/usage_example.pdf>]
<Resources/Reference Literature/usage_example.pdf, id=345, page=7, 614.295pt x 7
94.97pt>
File: Resources/Reference Literature/usage_example.pdf Graphic file (type pdf)
<use Resources/Reference Literature/usage_example.pdf, page 7>
Package luatex.def Info: Resources/Reference Literature/usage_example.pdf , page
7 used on input line 45.
(luatex.def)             Requested size: 597.78697pt x 773.60669pt.
File: Resources/Reference Literature/usage_example.pdf Graphic file (type pdf)
<use Resources/Reference Literature/usage_example.pdf, page 7>
Package luatex.def Info: Resources/Reference Literature/usage_example.pdf , page
7 used on input line 45.
(luatex.def)             Requested size: 597.78697pt x 773.60669pt.
File: Resources/Reference Literature/usage_example.pdf Graphic file (type pdf)
<use Resources/Reference Literature/usage_example.pdf, page 7>
Package luatex.def Info: Resources/Reference Literature/usage_example.pdf , page
7 used on input line 45.
(luatex.def)             Requested size: 597.78697pt x 773.60669pt.
 [22<c:/Users/Jeroe/Documents/TU Delft/BEP report/Resources/Reference Literature
/usage_example.pdf>]
<Resources/Reference Literature/usage_example.pdf, id=358, page=8, 614.295pt x 7
94.97pt>
File: Resources/Reference Literature/usage_example.pdf Graphic file (type pdf)
<use Resources/Reference Literature/usage_example.pdf, page 8>
Package luatex.def Info: Resources/Reference Literature/usage_example.pdf , page
8 used on input line 45.
(luatex.def)             Requested size: 597.78697pt x 773.60669pt.
File: Resources/Reference Literature/usage_example.pdf Graphic file (type pdf)
<use Resources/Reference Literature/usage_example.pdf, page 8>
Package luatex.def Info: Resources/Reference Literature/usage_example.pdf , page
8 used on input line 45.
(luatex.def)             Requested size: 597.78697pt x 773.60669pt.
File: Resources/Reference Literature/usage_example.pdf Graphic file (type pdf)
<use Resources/Reference Literature/usage_example.pdf, page 8>
Package luatex.def Info: Resources/Reference Literature/usage_example.pdf , page
8 used on input line 45.
(luatex.def)             Requested size: 597.78697pt x 773.60669pt.
 [23<c:/Users/Jeroe/Documents/TU Delft/BEP report/Resources/Reference Literature
/usage_example.pdf>]
<Resources/Reference Literature/usage_example.pdf, id=364, page=9, 614.295pt x 7
94.97pt>
File: Resources/Reference Literature/usage_example.pdf Graphic file (type pdf)
<use Resources/Reference Literature/usage_example.pdf, page 9>
Package luatex.def Info: Resources/Reference Literature/usage_example.pdf , page
9 used on input line 45.
(luatex.def)             Requested size: 597.78697pt x 773.60669pt.
File: Resources/Reference Literature/usage_example.pdf Graphic file (type pdf)
<use Resources/Reference Literature/usage_example.pdf, page 9>
Package luatex.def Info: Resources/Reference Literature/usage_example.pdf , page
9 used on input line 45.
(luatex.def)             Requested size: 597.78697pt x 773.60669pt.
File: Resources/Reference Literature/usage_example.pdf Graphic file (type pdf)
<use Resources/Reference Literature/usage_example.pdf, page 9>
Package luatex.def Info: Resources/Reference Literature/usage_example.pdf , page
9 used on input line 45.
(luatex.def)             Requested size: 597.78697pt x 773.60669pt.
 [24<c:/Users/Jeroe/Documents/TU Delft/BEP report/Resources/Reference Literature
/usage_example.pdf>]
<Resources/Reference Literature/usage_example.pdf, id=370, page=10, 614.295pt x 
794.97pt>
File: Resources/Reference Literature/usage_example.pdf Graphic file (type pdf)
<use Resources/Reference Literature/usage_example.pdf, page 10>
Package luatex.def Info: Resources/Reference Literature/usage_example.pdf , page
10 used on input line 45.
(luatex.def)             Requested size: 597.78697pt x 773.60669pt.
File: Resources/Reference Literature/usage_example.pdf Graphic file (type pdf)
<use Resources/Reference Literature/usage_example.pdf, page 10>
Package luatex.def Info: Resources/Reference Literature/usage_example.pdf , page
10 used on input line 45.
(luatex.def)             Requested size: 597.78697pt x 773.60669pt.
File: Resources/Reference Literature/usage_example.pdf Graphic file (type pdf)
<use Resources/Reference Literature/usage_example.pdf, page 10>
Package luatex.def Info: Resources/Reference Literature/usage_example.pdf , page
10 used on input line 45.
(luatex.def)             Requested size: 597.78697pt x 773.60669pt.
 [25<c:/Users/Jeroe/Documents/TU Delft/BEP report/Resources/Reference Literature
/usage_example.pdf>]
<Resources/Reference Literature/usage_example.pdf, id=381, page=11, 614.295pt x 
794.97pt>
File: Resources/Reference Literature/usage_example.pdf Graphic file (type pdf)
<use Resources/Reference Literature/usage_example.pdf, page 11>
Package luatex.def Info: Resources/Reference Literature/usage_example.pdf , page
11 used on input line 45.
(luatex.def)             Requested size: 597.78697pt x 773.60669pt.
File: Resources/Reference Literature/usage_example.pdf Graphic file (type pdf)
<use Resources/Reference Literature/usage_example.pdf, page 11>
Package luatex.def Info: Resources/Reference Literature/usage_example.pdf , page
11 used on input line 45.
(luatex.def)             Requested size: 597.78697pt x 773.60669pt.
File: Resources/Reference Literature/usage_example.pdf Graphic file (type pdf)
<use Resources/Reference Literature/usage_example.pdf, page 11>
Package luatex.def Info: Resources/Reference Literature/usage_example.pdf , page
11 used on input line 45.
(luatex.def)             Requested size: 597.78697pt x 773.60669pt.

[26<c:/Users/Jeroe/Documents/TU Delft/BEP report/Resources/Reference Literature/
usage_example.pdf>]
<Resources/Reference Literature/usage_example.pdf, id=388, page=12, 614.295pt x 
794.97pt>
File: Resources/Reference Literature/usage_example.pdf Graphic file (type pdf)
<use Resources/Reference Literature/usage_example.pdf, page 12>
Package luatex.def Info: Resources/Reference Literature/usage_example.pdf , page
12 used on input line 45.
(luatex.def)             Requested size: 597.78697pt x 773.60669pt.
File: Resources/Reference Literature/usage_example.pdf Graphic file (type pdf)
<use Resources/Reference Literature/usage_example.pdf, page 12>
Package luatex.def Info: Resources/Reference Literature/usage_example.pdf , page
12 used on input line 45.
(luatex.def)             Requested size: 597.78697pt x 773.60669pt.
File: Resources/Reference Literature/usage_example.pdf Graphic file (type pdf)
<use Resources/Reference Literature/usage_example.pdf, page 12>
Package luatex.def Info: Resources/Reference Literature/usage_example.pdf , page
12 used on input line 45.
(luatex.def)             Requested size: 597.78697pt x 773.60669pt.
 [27<c:/Users/Jeroe/Documents/TU Delft/BEP report/Resources/Reference Literature
/usage_example.pdf>]
<Resources/Reference Literature/usage_example.pdf, id=392, page=13, 614.295pt x 
794.97pt>
File: Resources/Reference Literature/usage_example.pdf Graphic file (type pdf)
<use Resources/Reference Literature/usage_example.pdf, page 13>
Package luatex.def Info: Resources/Reference Literature/usage_example.pdf , page
13 used on input line 45.
(luatex.def)             Requested size: 597.78697pt x 773.60669pt.
File: Resources/Reference Literature/usage_example.pdf Graphic file (type pdf)
<use Resources/Reference Literature/usage_example.pdf, page 13>
Package luatex.def Info: Resources/Reference Literature/usage_example.pdf , page
13 used on input line 45.
(luatex.def)             Requested size: 597.78697pt x 773.60669pt.
File: Resources/Reference Literature/usage_example.pdf Graphic file (type pdf)
<use Resources/Reference Literature/usage_example.pdf, page 13>
Package luatex.def Info: Resources/Reference Literature/usage_example.pdf , page
13 used on input line 45.
(luatex.def)             Requested size: 597.78697pt x 773.60669pt.
 [28<c:/Users/Jeroe/Documents/TU Delft/BEP report/Resources/Reference Literature
/usage_example.pdf>]
("c:/Users/Jeroe/Documents/TU Delft/BEP report/main_tc.aux"))

Here is how much of LuaTeX's memory you used:
 23611 strings out of 479059
 125007,953878 words of node,token memory allocated
 1465 words of node memory still in use:
   9 hlist, 2 vlist, 2 rule, 1 dir, 6 glue, 29 kern, 28 glyph, 108 attribute, 11
2 glue_spec, 56 attribute_list, 2 write nodes
   avail lists: 2:596,3:409,4:88,5:1682,6:58,7:11883,8:15,9:399,10:17,11:783
 41419 multiletter control sequences out of 65536+200000
 94 fonts using 8011627 bytes
 98i,17n,104p,1265b,579s stack positions out of 5000i,500n,10000p,200000b,50000s
{C:/Users/Jeroe/AppData/Local/Programs/MiKTeX/fonts/enc/dvips/xcharter/xch_uy5hg
r.enc}<C:/Users/Jeroe/AppData/Local/Programs/MiKTeX/fonts/type1/public/xcharter/
XCharter-Bold.pfb><C:/Users/Jeroe/AppData/Local/Programs/MiKTeX/fonts/type1/publ
ic/xcharter/XCharter-Italic.pfb><C:/Users/Jeroe/AppData/Local/Programs/MiKTeX/fo
nts/type1/public/xcharter/XCharter-Roman.pfb><C:/Users/Jeroe/AppData/Local/Progr
ams/MiKTeX/fonts/type1/public/amsfonts/cm/cmmi10.pfb><C:/Users/Jeroe/AppData/Loc
al/Programs/MiKTeX/fonts/type1/public/amsfonts/cm/cmmi7.pfb><C:/Users/Jeroe/AppD
ata/Local/Programs/MiKTeX/fonts/type1/public/amsfonts/cm/cmr10.pfb><C:/Users/Jer
oe/AppData/Local/Programs/MiKTeX/fonts/type1/public/amsfonts/cm/cmr7.pfb><C:/Use
rs/Jeroe/AppData/Local/Programs/MiKTeX/fonts/type1/public/amsfonts/cm/cmsy10.pfb
><C:/Users/Jeroe/AppData/Local/Programs/MiKTeX/fonts/type1/public/amsfonts/cm/cm
sy7.pfb>
Output written on main_tc.pdf (33 pages, 6391934 bytes).

PDF statistics: 428 PDF objects out of 1000 (max. 8388607)
 0 named destinations out of 1000 (max. 131072)
 16 words of extra memory for PDF output out of 10000 (max. 100000000)

